Started GET "/" for 127.0.0.1 at 2018-07-05 22:43:29 -0300
  
ActiveRecord::NoDatabaseError (FATAL:  database "project_development" does not exist
):
  
activerecord (5.2.0) lib/active_record/connection_adapters/postgresql_adapter.rb:688:in `rescue in connect'
activerecord (5.2.0) lib/active_record/connection_adapters/postgresql_adapter.rb:683:in `connect'
activerecord (5.2.0) lib/active_record/connection_adapters/postgresql_adapter.rb:215:in `initialize'
activerecord (5.2.0) lib/active_record/connection_adapters/postgresql_adapter.rb:40:in `new'
activerecord (5.2.0) lib/active_record/connection_adapters/postgresql_adapter.rb:40:in `postgresql_connection'
activerecord (5.2.0) lib/active_record/connection_adapters/abstract/connection_pool.rb:809:in `new_connection'
activerecord (5.2.0) lib/active_record/connection_adapters/abstract/connection_pool.rb:853:in `checkout_new_connection'
activerecord (5.2.0) lib/active_record/connection_adapters/abstract/connection_pool.rb:832:in `try_to_checkout_new_connection'
activerecord (5.2.0) lib/active_record/connection_adapters/abstract/connection_pool.rb:793:in `acquire_connection'
activerecord (5.2.0) lib/active_record/connection_adapters/abstract/connection_pool.rb:521:in `checkout'
activerecord (5.2.0) lib/active_record/connection_adapters/abstract/connection_pool.rb:380:in `connection'
activerecord (5.2.0) lib/active_record/connection_adapters/abstract/connection_pool.rb:1008:in `retrieve_connection'
activerecord (5.2.0) lib/active_record/connection_handling.rb:118:in `retrieve_connection'
activerecord (5.2.0) lib/active_record/connection_handling.rb:90:in `connection'
activerecord (5.2.0) lib/active_record/migration.rb:554:in `call'
actionpack (5.2.0) lib/action_dispatch/middleware/callbacks.rb:28:in `block in call'
activesupport (5.2.0) lib/active_support/callbacks.rb:98:in `run_callbacks'
actionpack (5.2.0) lib/action_dispatch/middleware/callbacks.rb:26:in `call'
actionpack (5.2.0) lib/action_dispatch/middleware/executor.rb:14:in `call'
actionpack (5.2.0) lib/action_dispatch/middleware/debug_exceptions.rb:61:in `call'
web-console (3.6.2) lib/web_console/middleware.rb:135:in `call_app'
web-console (3.6.2) lib/web_console/middleware.rb:30:in `block in call'
web-console (3.6.2) lib/web_console/middleware.rb:20:in `catch'
web-console (3.6.2) lib/web_console/middleware.rb:20:in `call'
actionpack (5.2.0) lib/action_dispatch/middleware/show_exceptions.rb:33:in `call'
railties (5.2.0) lib/rails/rack/logger.rb:38:in `call_app'
railties (5.2.0) lib/rails/rack/logger.rb:26:in `block in call'
activesupport (5.2.0) lib/active_support/tagged_logging.rb:71:in `block in tagged'
activesupport (5.2.0) lib/active_support/tagged_logging.rb:28:in `tagged'
activesupport (5.2.0) lib/active_support/tagged_logging.rb:71:in `tagged'
railties (5.2.0) lib/rails/rack/logger.rb:26:in `call'
sprockets-rails (3.2.1) lib/sprockets/rails/quiet_assets.rb:13:in `call'
actionpack (5.2.0) lib/action_dispatch/middleware/remote_ip.rb:81:in `call'
actionpack (5.2.0) lib/action_dispatch/middleware/request_id.rb:27:in `call'
rack (2.0.5) lib/rack/method_override.rb:22:in `call'
rack (2.0.5) lib/rack/runtime.rb:22:in `call'
activesupport (5.2.0) lib/active_support/cache/strategy/local_cache_middleware.rb:29:in `call'
actionpack (5.2.0) lib/action_dispatch/middleware/executor.rb:14:in `call'
actionpack (5.2.0) lib/action_dispatch/middleware/static.rb:127:in `call'
rack (2.0.5) lib/rack/sendfile.rb:111:in `call'
railties (5.2.0) lib/rails/engine.rb:524:in `call'
puma (3.11.4) lib/puma/configuration.rb:225:in `call'
puma (3.11.4) lib/puma/server.rb:632:in `handle_request'
puma (3.11.4) lib/puma/server.rb:446:in `process_client'
puma (3.11.4) lib/puma/server.rb:306:in `block in run'
puma (3.11.4) lib/puma/thread_pool.rb:120:in `block in spawn_thread'
  [1m[35m (361.9ms)[0m  [1m[35mCREATE DATABASE "project_development" ENCODING = 'unicode'[0m
  ↳ bin/rails:9
  [1m[35m (293.8ms)[0m  [1m[35mCREATE DATABASE "project_test" ENCODING = 'unicode'[0m
  ↳ bin/rails:9
Started GET "/" for 127.0.0.1 at 2018-07-05 22:46:11 -0300
  
ActiveRecord::PendingMigrationError (

Migrations are pending. To resolve this issue, run:

        bin/rails db:migrate RAILS_ENV=development

):
  
activerecord (5.2.0) lib/active_record/migration.rb:579:in `check_pending!'
activerecord (5.2.0) lib/active_record/migration.rb:556:in `call'
actionpack (5.2.0) lib/action_dispatch/middleware/callbacks.rb:28:in `block in call'
activesupport (5.2.0) lib/active_support/callbacks.rb:98:in `run_callbacks'
actionpack (5.2.0) lib/action_dispatch/middleware/callbacks.rb:26:in `call'
actionpack (5.2.0) lib/action_dispatch/middleware/executor.rb:14:in `call'
actionpack (5.2.0) lib/action_dispatch/middleware/debug_exceptions.rb:61:in `call'
web-console (3.6.2) lib/web_console/middleware.rb:135:in `call_app'
web-console (3.6.2) lib/web_console/middleware.rb:30:in `block in call'
web-console (3.6.2) lib/web_console/middleware.rb:20:in `catch'
web-console (3.6.2) lib/web_console/middleware.rb:20:in `call'
actionpack (5.2.0) lib/action_dispatch/middleware/show_exceptions.rb:33:in `call'
railties (5.2.0) lib/rails/rack/logger.rb:38:in `call_app'
railties (5.2.0) lib/rails/rack/logger.rb:26:in `block in call'
activesupport (5.2.0) lib/active_support/tagged_logging.rb:71:in `block in tagged'
activesupport (5.2.0) lib/active_support/tagged_logging.rb:28:in `tagged'
activesupport (5.2.0) lib/active_support/tagged_logging.rb:71:in `tagged'
railties (5.2.0) lib/rails/rack/logger.rb:26:in `call'
sprockets-rails (3.2.1) lib/sprockets/rails/quiet_assets.rb:13:in `call'
actionpack (5.2.0) lib/action_dispatch/middleware/remote_ip.rb:81:in `call'
actionpack (5.2.0) lib/action_dispatch/middleware/request_id.rb:27:in `call'
rack (2.0.5) lib/rack/method_override.rb:22:in `call'
rack (2.0.5) lib/rack/runtime.rb:22:in `call'
activesupport (5.2.0) lib/active_support/cache/strategy/local_cache_middleware.rb:29:in `call'
actionpack (5.2.0) lib/action_dispatch/middleware/executor.rb:14:in `call'
actionpack (5.2.0) lib/action_dispatch/middleware/static.rb:127:in `call'
rack (2.0.5) lib/rack/sendfile.rb:111:in `call'
railties (5.2.0) lib/rails/engine.rb:524:in `call'
puma (3.11.4) lib/puma/configuration.rb:225:in `call'
puma (3.11.4) lib/puma/server.rb:632:in `handle_request'
puma (3.11.4) lib/puma/server.rb:446:in `process_client'
puma (3.11.4) lib/puma/server.rb:306:in `block in run'
puma (3.11.4) lib/puma/thread_pool.rb:120:in `block in spawn_thread'
  [1m[35m (2.2ms)[0m  [1m[35mCREATE DATABASE "project_development" ENCODING = 'unicode'[0m
  ↳ bin/rails:9
  [1m[35m (0.3ms)[0m  [1m[35mCREATE DATABASE "project_test" ENCODING = 'unicode'[0m
  ↳ bin/rails:9
Started GET "/" for 127.0.0.1 at 2018-07-05 23:26:28 -0300
  
ActiveRecord::PendingMigrationError (

Migrations are pending. To resolve this issue, run:

        bin/rails db:migrate RAILS_ENV=development

):
  
activerecord (5.2.0) lib/active_record/migration.rb:579:in `check_pending!'
activerecord (5.2.0) lib/active_record/migration.rb:556:in `call'
actionpack (5.2.0) lib/action_dispatch/middleware/callbacks.rb:28:in `block in call'
activesupport (5.2.0) lib/active_support/callbacks.rb:98:in `run_callbacks'
actionpack (5.2.0) lib/action_dispatch/middleware/callbacks.rb:26:in `call'
actionpack (5.2.0) lib/action_dispatch/middleware/executor.rb:14:in `call'
actionpack (5.2.0) lib/action_dispatch/middleware/debug_exceptions.rb:61:in `call'
web-console (3.6.2) lib/web_console/middleware.rb:135:in `call_app'
web-console (3.6.2) lib/web_console/middleware.rb:30:in `block in call'
web-console (3.6.2) lib/web_console/middleware.rb:20:in `catch'
web-console (3.6.2) lib/web_console/middleware.rb:20:in `call'
actionpack (5.2.0) lib/action_dispatch/middleware/show_exceptions.rb:33:in `call'
railties (5.2.0) lib/rails/rack/logger.rb:38:in `call_app'
railties (5.2.0) lib/rails/rack/logger.rb:26:in `block in call'
activesupport (5.2.0) lib/active_support/tagged_logging.rb:71:in `block in tagged'
activesupport (5.2.0) lib/active_support/tagged_logging.rb:28:in `tagged'
activesupport (5.2.0) lib/active_support/tagged_logging.rb:71:in `tagged'
railties (5.2.0) lib/rails/rack/logger.rb:26:in `call'
sprockets-rails (3.2.1) lib/sprockets/rails/quiet_assets.rb:13:in `call'
actionpack (5.2.0) lib/action_dispatch/middleware/remote_ip.rb:81:in `call'
actionpack (5.2.0) lib/action_dispatch/middleware/request_id.rb:27:in `call'
rack (2.0.5) lib/rack/method_override.rb:22:in `call'
rack (2.0.5) lib/rack/runtime.rb:22:in `call'
activesupport (5.2.0) lib/active_support/cache/strategy/local_cache_middleware.rb:29:in `call'
actionpack (5.2.0) lib/action_dispatch/middleware/executor.rb:14:in `call'
actionpack (5.2.0) lib/action_dispatch/middleware/static.rb:127:in `call'
rack (2.0.5) lib/rack/sendfile.rb:111:in `call'
railties (5.2.0) lib/rails/engine.rb:524:in `call'
puma (3.11.4) lib/puma/configuration.rb:225:in `call'
puma (3.11.4) lib/puma/server.rb:632:in `handle_request'
puma (3.11.4) lib/puma/server.rb:446:in `process_client'
puma (3.11.4) lib/puma/server.rb:306:in `block in run'
puma (3.11.4) lib/puma/thread_pool.rb:120:in `block in spawn_thread'
  [1m[35m (19.4ms)[0m  [1m[35mCREATE TABLE "schema_migrations" ("version" character varying NOT NULL PRIMARY KEY)[0m
  ↳ bin/rails:9
  [1m[35m (10.2ms)[0m  [1m[35mCREATE TABLE "ar_internal_metadata" ("key" character varying NOT NULL PRIMARY KEY, "value" character varying, "created_at" timestamp NOT NULL, "updated_at" timestamp NOT NULL)[0m
  ↳ bin/rails:9
  [1m[35m (0.2ms)[0m  [1m[34mSELECT pg_try_advisory_lock(279088437195799245)[0m
  ↳ bin/rails:9
  [1m[35m (0.3ms)[0m  [1m[34mSELECT "schema_migrations"."version" FROM "schema_migrations" ORDER BY "schema_migrations"."version" ASC[0m
  ↳ bin/rails:9
Migrating to CreateClientes (20180628001052)
  [1m[35m (0.1ms)[0m  [1m[35mBEGIN[0m
  ↳ bin/rails:9
  [1m[35m (14.4ms)[0m  [1m[35mCREATE TABLE "clientes" ("id" bigserial primary key, "Nome" character varying, "CPF" character varying, "Email" character varying, "Endereco" character varying, "Data_de_Nascimento" character varying, "Status" character varying, "created_at" timestamp NOT NULL, "updated_at" timestamp NOT NULL)[0m
  ↳ db/migrate/20180628001052_create_clientes.rb:3
  [1m[36mActiveRecord::SchemaMigration Create (1.4ms)[0m  [1m[32mINSERT INTO "schema_migrations" ("version") VALUES ($1) RETURNING "version"[0m  [["version", "20180628001052"]]
  ↳ bin/rails:9
  [1m[35m (0.9ms)[0m  [1m[35mCOMMIT[0m
  ↳ bin/rails:9
Migrating to CreatePacotes (20180629012435)
  [1m[35m (0.1ms)[0m  [1m[35mBEGIN[0m
  ↳ bin/rails:9
  [1m[35m (6.4ms)[0m  [1m[35mCREATE TABLE "pacotes" ("id" bigserial primary key, "Pagamento" character varying, "Plano" character varying, "cliente_id" bigint, "created_at" timestamp NOT NULL, "updated_at" timestamp NOT NULL, CONSTRAINT "fk_rails_d18f04c0bd"
FOREIGN KEY ("cliente_id")
  REFERENCES "clientes" ("id")
)[0m
  ↳ db/migrate/20180629012435_create_pacotes.rb:3
  [1m[35m (1.6ms)[0m  [1m[35mCREATE  INDEX  "index_pacotes_on_cliente_id" ON "pacotes"  ("cliente_id")[0m
  ↳ db/migrate/20180629012435_create_pacotes.rb:3
  [1m[36mActiveRecord::SchemaMigration Create (0.1ms)[0m  [1m[32mINSERT INTO "schema_migrations" ("version") VALUES ($1) RETURNING "version"[0m  [["version", "20180629012435"]]
  ↳ bin/rails:9
  [1m[35m (0.7ms)[0m  [1m[35mCOMMIT[0m
  ↳ bin/rails:9
  [1m[36mActiveRecord::InternalMetadata Load (0.2ms)[0m  [1m[34mSELECT  "ar_internal_metadata".* FROM "ar_internal_metadata" WHERE "ar_internal_metadata"."key" = $1 LIMIT $2[0m  [["key", "environment"], ["LIMIT", 1]]
  ↳ bin/rails:9
  [1m[35m (3.9ms)[0m  [1m[35mBEGIN[0m
  ↳ bin/rails:9
  [1m[36mActiveRecord::InternalMetadata Create (0.4ms)[0m  [1m[32mINSERT INTO "ar_internal_metadata" ("key", "value", "created_at", "updated_at") VALUES ($1, $2, $3, $4) RETURNING "key"[0m  [["key", "environment"], ["value", "development"], ["created_at", "2018-07-06 02:27:14.360356"], ["updated_at", "2018-07-06 02:27:14.360356"]]
  ↳ bin/rails:9
  [1m[35m (0.7ms)[0m  [1m[35mCOMMIT[0m
  ↳ bin/rails:9
  [1m[35m (0.1ms)[0m  [1m[34mSELECT pg_advisory_unlock(279088437195799245)[0m
  ↳ bin/rails:9
  [1m[35m (0.1ms)[0m  [1m[34mSELECT "schema_migrations"."version" FROM "schema_migrations" ORDER BY "schema_migrations"."version" ASC[0m
  ↳ bin/rails:9
Started GET "/" for 127.0.0.1 at 2018-07-05 23:27:25 -0300
  [1m[35m (2.1ms)[0m  [1m[34mSELECT "schema_migrations"."version" FROM "schema_migrations" ORDER BY "schema_migrations"."version" ASC[0m
  ↳ /home/gsvieira/.rvm/gems/ruby-2.5.1/gems/activerecord-5.2.0/lib/active_record/log_subscriber.rb:98
Processing by WelcomeController#index as HTML
  Rendering welcome/index.html.erb within layouts/application
  Rendered welcome/index.html.erb within layouts/application (1.2ms)
Completed 200 OK in 1138ms (Views: 1125.6ms | ActiveRecord: 0.0ms)


Started GET "/clientes" for 127.0.0.1 at 2018-07-05 23:27:30 -0300
Processing by ClientesController#index as HTML
  Rendering clientes/index.html.erb within layouts/application
  [1m[36mCliente Load (0.5ms)[0m  [1m[34mSELECT "clientes".* FROM "clientes"[0m
  ↳ app/views/clientes/index.html.erb:12
  Rendered clientes/index.html.erb within layouts/application (6.9ms)
Completed 200 OK in 57ms (Views: 47.5ms | ActiveRecord: 2.3ms)


Started GET "/clientes" for 127.0.0.1 at 2018-07-05 23:27:41 -0300
Processing by ClientesController#index as HTML
  Rendering clientes/index.html.erb within layouts/application
  [1m[36mCliente Load (1.5ms)[0m  [1m[34mSELECT "clientes".* FROM "clientes"[0m
  ↳ app/views/clientes/index.html.erb:12
  Rendered clientes/index.html.erb within layouts/application (2.7ms)
Completed 200 OK in 33ms (Views: 30.2ms | ActiveRecord: 1.5ms)


Started GET "/clientes/new" for 127.0.0.1 at 2018-07-05 23:27:54 -0300
Processing by ClientesController#new as HTML
  Rendering clientes/new.html.erb within layouts/application
  Rendered clientes/_form.html.erb (39.5ms)
  Rendered clientes/new.html.erb within layouts/application (43.7ms)
Completed 200 OK in 89ms (Views: 70.1ms | ActiveRecord: 1.7ms)


Started GET "/clientes" for 127.0.0.1 at 2018-07-05 23:27:59 -0300
Processing by ClientesController#index as HTML
  Rendering clientes/index.html.erb within layouts/application
  [1m[36mCliente Load (1.4ms)[0m  [1m[34mSELECT "clientes".* FROM "clientes"[0m
  ↳ app/views/clientes/index.html.erb:12
  Rendered clientes/index.html.erb within layouts/application (2.6ms)
Completed 200 OK in 34ms (Views: 31.6ms | ActiveRecord: 1.4ms)


Started GET "/welcome/index" for 127.0.0.1 at 2018-07-05 23:28:03 -0300
Processing by WelcomeController#index as HTML
  Rendering welcome/index.html.erb within layouts/application
  Rendered welcome/index.html.erb within layouts/application (0.4ms)
Completed 200 OK in 30ms (Views: 29.3ms | ActiveRecord: 0.0ms)


Started GET "/clientes" for 127.0.0.1 at 2018-07-05 23:28:20 -0300
Processing by ClientesController#index as HTML
  Rendering clientes/index.html.erb within layouts/application
  [1m[36mCliente Load (0.9ms)[0m  [1m[34mSELECT "clientes".* FROM "clientes"[0m
  ↳ app/views/clientes/index.html.erb:12
  Rendered clientes/index.html.erb within layouts/application (2.1ms)
Completed 200 OK in 32ms (Views: 30.6ms | ActiveRecord: 0.9ms)


Started GET "/welcome/index" for 127.0.0.1 at 2018-07-05 23:30:45 -0300
Processing by WelcomeController#index as HTML
  Rendering welcome/index.html.erb within layouts/application
  Rendered welcome/index.html.erb within layouts/application (2.0ms)
Completed 200 OK in 37ms (Views: 35.9ms | ActiveRecord: 0.0ms)


Started GET "/clientes" for 127.0.0.1 at 2018-07-05 23:30:48 -0300
Processing by ClientesController#index as HTML
  Rendering clientes/index.html.erb within layouts/application
  [1m[36mCliente Load (0.2ms)[0m  [1m[34mSELECT "clientes".* FROM "clientes"[0m
  ↳ app/views/clientes/index.html.erb:12
  Rendered clientes/index.html.erb within layouts/application (1.5ms)
Completed 200 OK in 31ms (Views: 30.5ms | ActiveRecord: 0.2ms)


Started GET "/clientes/new" for 127.0.0.1 at 2018-07-05 23:30:51 -0300
Processing by ClientesController#new as HTML
  Rendering clientes/new.html.erb within layouts/application
  Rendered clientes/_form.html.erb (2.3ms)
  Rendered clientes/new.html.erb within layouts/application (7.1ms)
Completed 200 OK in 38ms (Views: 36.9ms | ActiveRecord: 0.0ms)


Started POST "/clientes" for 127.0.0.1 at 2018-07-05 23:31:59 -0300
Processing by ClientesController#create as HTML
  Parameters: {"utf8"=>"✓", "authenticity_token"=>"oBumuBlEvazuronEtA8otFMJDMgWGk+ZGn+J6rl4Mt/b84YOHcBFBOtLl6DqhCpOgMjpqQFS2jRW2DtE/FaAFg==", "cliente"=>{"Nome"=>"gabriel de sousa", "CPF"=>"33357896200", "Email"=>"gsvieira98@gmail.com", "Endereco"=>"av flam", "Data_de_Nascimento"=>"180898", "Status"=>"aprovado"}, "commit"=>"Create Cliente"}
  [1m[35m (0.8ms)[0m  [1m[35mBEGIN[0m
  ↳ app/controllers/clientes_controller.rb:21
  [1m[36mCliente Create (8.2ms)[0m  [1m[32mINSERT INTO "clientes" ("Nome", "CPF", "Email", "Endereco", "Data_de_Nascimento", "Status", "created_at", "updated_at") VALUES ($1, $2, $3, $4, $5, $6, $7, $8) RETURNING "id"[0m  [["Nome", "gabriel de sousa"], ["CPF", "33357896200"], ["Email", "gsvieira98@gmail.com"], ["Endereco", "av flam"], ["Data_de_Nascimento", "180898"], ["Status", "aprovado"], ["created_at", "2018-07-06 02:31:59.202366"], ["updated_at", "2018-07-06 02:31:59.202366"]]
  ↳ app/controllers/clientes_controller.rb:21
  [1m[35m (0.7ms)[0m  [1m[35mCOMMIT[0m
  ↳ app/controllers/clientes_controller.rb:21
Redirected to http://localhost:3000/clientes/1
Completed 302 Found in 13ms (ActiveRecord: 9.7ms)


Started GET "/clientes/1" for 127.0.0.1 at 2018-07-05 23:31:59 -0300
Processing by ClientesController#show as HTML
  Parameters: {"id"=>"1"}
  [1m[36mCliente Load (0.2ms)[0m  [1m[34mSELECT  "clientes".* FROM "clientes" WHERE "clientes"."id" = $1 LIMIT $2[0m  [["id", 1], ["LIMIT", 1]]
  ↳ app/controllers/clientes_controller.rb:7
  Rendering clientes/show.html.erb within layouts/application
  [1m[36mPacote Load (2.8ms)[0m  [1m[34mSELECT "pacotes".* FROM "pacotes" WHERE "pacotes"."cliente_id" = $1[0m  [["cliente_id", 1]]
  ↳ app/views/clientes/show.html.erb:48
  Rendered collection of templates [0 times] (0.0ms)
  Rendered pacotes/_form.html.erb (18.6ms)
  Rendered clientes/show.html.erb within layouts/application (49.0ms)
Completed 200 OK in 83ms (Views: 71.9ms | ActiveRecord: 6.5ms)


  [1m[35m (2.3ms)[0m  [1m[35mCREATE DATABASE "project_development" ENCODING = 'unicode'[0m
  ↳ bin/rails:9
  [1m[35m (0.3ms)[0m  [1m[35mCREATE DATABASE "project_test" ENCODING = 'unicode'[0m
  ↳ bin/rails:9
  [1m[35m (1.0ms)[0m  [1m[34mSELECT pg_try_advisory_lock(279088437195799245)[0m
  ↳ bin/rails:9
  [1m[35m (0.5ms)[0m  [1m[34mSELECT "schema_migrations"."version" FROM "schema_migrations" ORDER BY "schema_migrations"."version" ASC[0m
  ↳ bin/rails:9
  [1m[36mActiveRecord::InternalMetadata Load (0.2ms)[0m  [1m[34mSELECT  "ar_internal_metadata".* FROM "ar_internal_metadata" WHERE "ar_internal_metadata"."key" = $1 LIMIT $2[0m  [["key", "environment"], ["LIMIT", 1]]
  ↳ bin/rails:9
  [1m[35m (0.1ms)[0m  [1m[35mBEGIN[0m
  ↳ bin/rails:9
  [1m[35m (0.1ms)[0m  [1m[35mCOMMIT[0m
  ↳ bin/rails:9
  [1m[35m (0.1ms)[0m  [1m[34mSELECT pg_advisory_unlock(279088437195799245)[0m
  ↳ bin/rails:9
  [1m[35m (0.1ms)[0m  [1m[34mSELECT "schema_migrations"."version" FROM "schema_migrations" ORDER BY "schema_migrations"."version" ASC[0m
  ↳ bin/rails:9
Started GET "/clientes/1" for 127.0.0.1 at 2018-07-06 01:30:09 -0300
  [1m[35m (0.3ms)[0m  [1m[34mSELECT "schema_migrations"."version" FROM "schema_migrations" ORDER BY "schema_migrations"."version" ASC[0m
  ↳ /home/gsvieira/.rvm/gems/ruby-2.5.1/gems/activerecord-5.2.0/lib/active_record/log_subscriber.rb:98
Processing by ClientesController#show as HTML
  Parameters: {"id"=>"1"}
  [1m[36mCliente Load (0.2ms)[0m  [1m[34mSELECT  "clientes".* FROM "clientes" WHERE "clientes"."id" = $1 LIMIT $2[0m  [["id", 1], ["LIMIT", 1]]
  ↳ app/controllers/clientes_controller.rb:7
  Rendering clientes/show.html.erb within layouts/application
  [1m[36mPacote Load (0.3ms)[0m  [1m[34mSELECT "pacotes".* FROM "pacotes" WHERE "pacotes"."cliente_id" = $1[0m  [["cliente_id", 1]]
  ↳ app/views/clientes/show.html.erb:48
  Rendered collection of templates [0 times] (0.0ms)
  Rendered pacotes/_form.html.erb (24.5ms)
  Rendered clientes/show.html.erb within layouts/application (40.5ms)
Completed 500 Internal Server Error in 434ms (ActiveRecord: 10.2ms)


  
ActionView::Template::Error (File to import not found or unreadable: materialize/components/color-variables.
Load paths:
  /home/gsvieira/Documents/Link/app/assets/config
  /home/gsvieira/Documents/Link/app/assets/images
  /home/gsvieira/Documents/Link/app/assets/javascripts
  /home/gsvieira/Documents/Link/app/assets/stylesheets
  /home/gsvieira/.rvm/gems/ruby-2.5.1/gems/jquery-rails-4.3.3/vendor/assets/javascripts
  /home/gsvieira/.rvm/gems/ruby-2.5.1/gems/coffee-rails-4.2.2/lib/assets/javascripts
  /home/gsvieira/.rvm/gems/ruby-2.5.1/gems/materialize-sass-0.100.2/app/assets/fonts
  /home/gsvieira/.rvm/gems/ruby-2.5.1/gems/materialize-sass-0.100.2/app/assets/javascripts
  /home/gsvieira/.rvm/gems/ruby-2.5.1/gems/materialize-sass-0.100.2/app/assets/stylesheets
  /home/gsvieira/.rvm/gems/ruby-2.5.1/gems/actioncable-5.2.0/lib/assets/compiled
  /home/gsvieira/.rvm/gems/ruby-2.5.1/gems/activestorage-5.2.0/app/assets/javascripts
  /home/gsvieira/.rvm/gems/ruby-2.5.1/gems/actionview-5.2.0/lib/assets/compiled
  /home/gsvieira/.rvm/gems/ruby-2.5.1/gems/turbolinks-source-5.1.0/lib/assets/javascripts
  /home/gsvieira/Documents/Link/node_modules
  /home/gsvieira/.rvm/gems/ruby-2.5.1/gems/materialize-sass-0.100.2/app/assets/stylesheets
  /home/gsvieira/.rvm/gems/ruby-2.5.1/gems/materialize-sass-0.100.2/app/assets/javascripts
  /home/gsvieira/.rvm/gems/ruby-2.5.1/gems/materialize-sass-0.100.2/app/assets/fonts
  /home/gsvieira/.rvm/gems/ruby-2.5.1/gems/materialize-sass-0.100.2/app/assets/images
  /home/gsvieira/.rvm/gems/ruby-2.5.1/gems/materialize-sass-0.100.2/app/assets/stylesheets):
     5:     <%= csrf_meta_tags %>
     6:     <%= csp_meta_tag %>
     7: 
     8:     <%= stylesheet_link_tag    'application', media: 'all', 'data-turbolinks-track': 'reload' %>
     9:     <%= javascript_include_tag 'application', 'data-turbolinks-track': 'reload' %>
    10:   </head>
    11: 
  
app/assets/stylesheets/application_materialize.scss:1
app/views/layouts/application.html.erb:8:in `_app_views_layouts_application_html_erb__703640874200469213_47137979239180'
Started GET "/clientes/1" for 127.0.0.1 at 2018-07-06 01:31:50 -0300
  [1m[35m (0.5ms)[0m  [1m[34mSELECT "schema_migrations"."version" FROM "schema_migrations" ORDER BY "schema_migrations"."version" ASC[0m
  ↳ /home/gsvieira/.rvm/gems/ruby-2.5.1/gems/activerecord-5.2.0/lib/active_record/log_subscriber.rb:98
Processing by ClientesController#show as HTML
  Parameters: {"id"=>"1"}
  [1m[36mCliente Load (0.4ms)[0m  [1m[34mSELECT  "clientes".* FROM "clientes" WHERE "clientes"."id" = $1 LIMIT $2[0m  [["id", 1], ["LIMIT", 1]]
  ↳ app/controllers/clientes_controller.rb:7
  Rendering clientes/show.html.erb within layouts/application
  [1m[36mPacote Load (0.2ms)[0m  [1m[34mSELECT "pacotes".* FROM "pacotes" WHERE "pacotes"."cliente_id" = $1[0m  [["cliente_id", 1]]
  ↳ app/views/clientes/show.html.erb:48
  Rendered collection of templates [0 times] (0.0ms)
  Rendered pacotes/_form.html.erb (25.7ms)
  Rendered clientes/show.html.erb within layouts/application (43.1ms)
Completed 500 Internal Server Error in 2936ms (ActiveRecord: 6.6ms)


  
ActionView::Template::Error (File to import not found or unreadable: materialize/components/color-variables.
Load paths:
  /home/gsvieira/Documents/Link/app/assets/config
  /home/gsvieira/Documents/Link/app/assets/images
  /home/gsvieira/Documents/Link/app/assets/javascripts
  /home/gsvieira/Documents/Link/app/assets/stylesheets
  /home/gsvieira/.rvm/gems/ruby-2.5.1/gems/jquery-rails-4.3.3/vendor/assets/javascripts
  /home/gsvieira/.rvm/gems/ruby-2.5.1/gems/coffee-rails-4.2.2/lib/assets/javascripts
  /home/gsvieira/.rvm/gems/ruby-2.5.1/gems/materialize-sass-0.100.2/app/assets/fonts
  /home/gsvieira/.rvm/gems/ruby-2.5.1/gems/materialize-sass-0.100.2/app/assets/javascripts
  /home/gsvieira/.rvm/gems/ruby-2.5.1/gems/materialize-sass-0.100.2/app/assets/stylesheets
  /home/gsvieira/.rvm/gems/ruby-2.5.1/gems/actioncable-5.2.0/lib/assets/compiled
  /home/gsvieira/.rvm/gems/ruby-2.5.1/gems/activestorage-5.2.0/app/assets/javascripts
  /home/gsvieira/.rvm/gems/ruby-2.5.1/gems/actionview-5.2.0/lib/assets/compiled
  /home/gsvieira/.rvm/gems/ruby-2.5.1/gems/turbolinks-source-5.1.0/lib/assets/javascripts
  /home/gsvieira/Documents/Link/node_modules
  /home/gsvieira/.rvm/gems/ruby-2.5.1/gems/materialize-sass-0.100.2/app/assets/stylesheets
  /home/gsvieira/.rvm/gems/ruby-2.5.1/gems/materialize-sass-0.100.2/app/assets/javascripts
  /home/gsvieira/.rvm/gems/ruby-2.5.1/gems/materialize-sass-0.100.2/app/assets/fonts
  /home/gsvieira/.rvm/gems/ruby-2.5.1/gems/materialize-sass-0.100.2/app/assets/images
  /home/gsvieira/.rvm/gems/ruby-2.5.1/gems/materialize-sass-0.100.2/app/assets/stylesheets):
     5:     <%= csrf_meta_tags %>
     6:     <%= csp_meta_tag %>
     7: 
     8:     <%= stylesheet_link_tag    'application', media: 'all', 'data-turbolinks-track': 'reload' %>
     9:     <%= javascript_include_tag 'application', 'data-turbolinks-track': 'reload' %>
    10:   </head>
    11: 
  
app/assets/stylesheets/application_materialize.scss:3
app/views/layouts/application.html.erb:8:in `_app_views_layouts_application_html_erb___1662931306491172826_46915566312720'
Started GET "/clientes/1" for 127.0.0.1 at 2018-07-06 01:47:14 -0300
  [1m[35m (0.6ms)[0m  [1m[34mSELECT "schema_migrations"."version" FROM "schema_migrations" ORDER BY "schema_migrations"."version" ASC[0m
  ↳ /home/gsvieira/.rvm/gems/ruby-2.5.1/gems/activerecord-5.2.0/lib/active_record/log_subscriber.rb:98
Processing by ClientesController#show as HTML
  Parameters: {"id"=>"1"}
  [1m[36mCliente Load (0.3ms)[0m  [1m[34mSELECT  "clientes".* FROM "clientes" WHERE "clientes"."id" = $1 LIMIT $2[0m  [["id", 1], ["LIMIT", 1]]
  ↳ app/controllers/clientes_controller.rb:7
  Rendering clientes/show.html.erb within layouts/application
  [1m[36mPacote Load (0.2ms)[0m  [1m[34mSELECT "pacotes".* FROM "pacotes" WHERE "pacotes"."cliente_id" = $1[0m  [["cliente_id", 1]]
  ↳ app/views/clientes/show.html.erb:48
  Rendered collection of templates [0 times] (0.0ms)
  Rendered pacotes/_form.html.erb (21.3ms)
  Rendered clientes/show.html.erb within layouts/application (37.5ms)
Completed 500 Internal Server Error in 1258ms (ActiveRecord: 9.2ms)


  
ActionView::Template::Error (File to import not found or unreadable: materialize/components/color-variables.
Load paths:
  /home/gsvieira/Documents/Link/app/assets/config
  /home/gsvieira/Documents/Link/app/assets/images
  /home/gsvieira/Documents/Link/app/assets/javascripts
  /home/gsvieira/Documents/Link/app/assets/stylesheets
  /home/gsvieira/.rvm/gems/ruby-2.5.1/gems/jquery-rails-4.3.3/vendor/assets/javascripts
  /home/gsvieira/.rvm/gems/ruby-2.5.1/gems/coffee-rails-4.2.2/lib/assets/javascripts
  /home/gsvieira/.rvm/gems/ruby-2.5.1/gems/material_icons-2.2.1/app/assets/fonts
  /home/gsvieira/.rvm/gems/ruby-2.5.1/gems/material_icons-2.2.1/app/assets/stylesheets
  /home/gsvieira/.rvm/gems/ruby-2.5.1/gems/materialize-sass-0.100.2/app/assets/fonts
  /home/gsvieira/.rvm/gems/ruby-2.5.1/gems/materialize-sass-0.100.2/app/assets/javascripts
  /home/gsvieira/.rvm/gems/ruby-2.5.1/gems/materialize-sass-0.100.2/app/assets/stylesheets
  /home/gsvieira/.rvm/gems/ruby-2.5.1/gems/actioncable-5.2.0/lib/assets/compiled
  /home/gsvieira/.rvm/gems/ruby-2.5.1/gems/activestorage-5.2.0/app/assets/javascripts
  /home/gsvieira/.rvm/gems/ruby-2.5.1/gems/actionview-5.2.0/lib/assets/compiled
  /home/gsvieira/.rvm/gems/ruby-2.5.1/gems/turbolinks-source-5.1.0/lib/assets/javascripts
  /home/gsvieira/Documents/Link/node_modules
  /home/gsvieira/.rvm/gems/ruby-2.5.1/gems/materialize-sass-0.100.2/app/assets/stylesheets
  /home/gsvieira/.rvm/gems/ruby-2.5.1/gems/materialize-sass-0.100.2/app/assets/javascripts
  /home/gsvieira/.rvm/gems/ruby-2.5.1/gems/materialize-sass-0.100.2/app/assets/fonts
  /home/gsvieira/.rvm/gems/ruby-2.5.1/gems/materialize-sass-0.100.2/app/assets/images
  /home/gsvieira/.rvm/gems/ruby-2.5.1/gems/materialize-sass-0.100.2/app/assets/stylesheets):
     5:     <%= csrf_meta_tags %>
     6:     <%= csp_meta_tag %>
     7: 
     8:     <%= stylesheet_link_tag    'application', media: 'all', 'data-turbolinks-track': 'reload' %>
     9:     <%= javascript_include_tag 'application', 'data-turbolinks-track': 'reload' %>
    10:   </head>
    11: 
  
app/assets/stylesheets/application_materialize.scss:3
app/views/layouts/application.html.erb:8:in `_app_views_layouts_application_html_erb__865685176399213969_47099858441680'
  [1m[35m (1.4ms)[0m  [1m[35mCREATE DATABASE "project_development" ENCODING = 'unicode'[0m
  ↳ bin/rails:9
  [1m[35m (0.3ms)[0m  [1m[35mCREATE DATABASE "project_test" ENCODING = 'unicode'[0m
  ↳ bin/rails:9
  [1m[35m (0.1ms)[0m  [1m[34mSELECT pg_try_advisory_lock(279088437195799245)[0m
  ↳ bin/rails:9
  [1m[35m (0.4ms)[0m  [1m[34mSELECT "schema_migrations"."version" FROM "schema_migrations" ORDER BY "schema_migrations"."version" ASC[0m
  ↳ bin/rails:9
  [1m[36mActiveRecord::InternalMetadata Load (0.2ms)[0m  [1m[34mSELECT  "ar_internal_metadata".* FROM "ar_internal_metadata" WHERE "ar_internal_metadata"."key" = $1 LIMIT $2[0m  [["key", "environment"], ["LIMIT", 1]]
  ↳ bin/rails:9
  [1m[35m (0.1ms)[0m  [1m[35mBEGIN[0m
  ↳ bin/rails:9
  [1m[35m (0.1ms)[0m  [1m[35mCOMMIT[0m
  ↳ bin/rails:9
  [1m[35m (0.1ms)[0m  [1m[34mSELECT pg_advisory_unlock(279088437195799245)[0m
  ↳ bin/rails:9
  [1m[35m (0.1ms)[0m  [1m[34mSELECT "schema_migrations"."version" FROM "schema_migrations" ORDER BY "schema_migrations"."version" ASC[0m
  ↳ bin/rails:9
Started GET "/clientes/1" for 127.0.0.1 at 2018-07-06 02:40:09 -0300
  [1m[35m (1.6ms)[0m  [1m[34mSELECT "schema_migrations"."version" FROM "schema_migrations" ORDER BY "schema_migrations"."version" ASC[0m
  ↳ /home/gsvieira/.rvm/gems/ruby-2.5.1/gems/activerecord-5.2.0/lib/active_record/log_subscriber.rb:98
Processing by ClientesController#show as HTML
  Parameters: {"id"=>"1"}
  [1m[36mCliente Load (0.3ms)[0m  [1m[34mSELECT  "clientes".* FROM "clientes" WHERE "clientes"."id" = $1 LIMIT $2[0m  [["id", 1], ["LIMIT", 1]]
  ↳ app/controllers/clientes_controller.rb:7
  Rendering clientes/show.html.erb within layouts/application
  [1m[36mPacote Load (0.2ms)[0m  [1m[34mSELECT "pacotes".* FROM "pacotes" WHERE "pacotes"."cliente_id" = $1[0m  [["cliente_id", 1]]
  ↳ app/views/clientes/show.html.erb:48
  Rendered collection of templates [0 times] (0.0ms)
  Rendered pacotes/_form.html.erb (19.2ms)
  Rendered clientes/show.html.erb within layouts/application (38.8ms)
Completed 500 Internal Server Error in 379ms (ActiveRecord: 15.1ms)


  
ActionView::Template::Error (File to import not found or unreadable: materialize/components/color-variables.
Load paths:
  /home/gsvieira/Documents/Link/app/assets/config
  /home/gsvieira/Documents/Link/app/assets/images
  /home/gsvieira/Documents/Link/app/assets/javascripts
  /home/gsvieira/Documents/Link/app/assets/stylesheets
  /home/gsvieira/.rvm/gems/ruby-2.5.1/gems/jquery-rails-4.3.3/vendor/assets/javascripts
  /home/gsvieira/.rvm/gems/ruby-2.5.1/gems/coffee-rails-4.2.2/lib/assets/javascripts
  /home/gsvieira/.rvm/gems/ruby-2.5.1/gems/material_icons-2.2.1/app/assets/fonts
  /home/gsvieira/.rvm/gems/ruby-2.5.1/gems/material_icons-2.2.1/app/assets/stylesheets
  /home/gsvieira/.rvm/gems/ruby-2.5.1/gems/materialize-sass-0.100.2/app/assets/fonts
  /home/gsvieira/.rvm/gems/ruby-2.5.1/gems/materialize-sass-0.100.2/app/assets/javascripts
  /home/gsvieira/.rvm/gems/ruby-2.5.1/gems/materialize-sass-0.100.2/app/assets/stylesheets
  /home/gsvieira/.rvm/gems/ruby-2.5.1/gems/actioncable-5.2.0/lib/assets/compiled
  /home/gsvieira/.rvm/gems/ruby-2.5.1/gems/activestorage-5.2.0/app/assets/javascripts
  /home/gsvieira/.rvm/gems/ruby-2.5.1/gems/actionview-5.2.0/lib/assets/compiled
  /home/gsvieira/.rvm/gems/ruby-2.5.1/gems/turbolinks-source-5.1.0/lib/assets/javascripts
  /home/gsvieira/Documents/Link/node_modules
  /home/gsvieira/.rvm/gems/ruby-2.5.1/gems/materialize-sass-0.100.2/app/assets/stylesheets
  /home/gsvieira/.rvm/gems/ruby-2.5.1/gems/materialize-sass-0.100.2/app/assets/javascripts
  /home/gsvieira/.rvm/gems/ruby-2.5.1/gems/materialize-sass-0.100.2/app/assets/fonts
  /home/gsvieira/.rvm/gems/ruby-2.5.1/gems/materialize-sass-0.100.2/app/assets/images
  /home/gsvieira/.rvm/gems/ruby-2.5.1/gems/materialize-sass-0.100.2/app/assets/stylesheets):
     5:     <%= csrf_meta_tags %>
     6:     <%= csp_meta_tag %>
     7: 
     8:     <%= stylesheet_link_tag    'application', media: 'all', 'data-turbolinks-track': 'reload' %>
     9:     <%= javascript_include_tag 'application', 'data-turbolinks-track': 'reload' %>
    10:   </head>
    11: 
  
app/assets/stylesheets/application_materialize.scss:1
app/views/layouts/application.html.erb:8:in `_app_views_layouts_application_html_erb__153604095233459769_47193660564300'
Started GET "/clientes/1" for 127.0.0.1 at 2018-07-06 02:42:39 -0300
Processing by ClientesController#show as HTML
  Parameters: {"id"=>"1"}
  [1m[36mCliente Load (0.4ms)[0m  [1m[34mSELECT  "clientes".* FROM "clientes" WHERE "clientes"."id" = $1 LIMIT $2[0m  [["id", 1], ["LIMIT", 1]]
  ↳ app/controllers/clientes_controller.rb:7
  Rendering clientes/show.html.erb within layouts/application
  [1m[36mPacote Load (2.6ms)[0m  [1m[34mSELECT "pacotes".* FROM "pacotes" WHERE "pacotes"."cliente_id" = $1[0m  [["cliente_id", 1]]
  ↳ app/views/clientes/show.html.erb:48
  Rendered collection of templates [0 times] (0.0ms)
  Rendered pacotes/_form.html.erb (1.7ms)
  Rendered clientes/show.html.erb within layouts/application (8.4ms)
Completed 500 Internal Server Error in 196ms (ActiveRecord: 3.0ms)


  
ActionView::Template::Error ($color: 'color("grey", "lighten-4")' is not a color for `lighten'):
     5:     <%= csrf_meta_tags %>
     6:     <%= csp_meta_tag %>
     7: 
     8:     <%= stylesheet_link_tag    'application', media: 'all', 'data-turbolinks-track': 'reload' %>
     9:     <%= javascript_include_tag 'application', 'data-turbolinks-track': 'reload' %>
    10:   </head>
    11: 
  
app/assets/stylesheets/application_materialize.scss:4
app/views/layouts/application.html.erb:8:in `_app_views_layouts_application_html_erb__153604095233459769_69961779276020'
Started GET "/clientes/1" for 127.0.0.1 at 2018-07-06 10:24:29 -0300
Processing by ClientesController#show as HTML
  Parameters: {"id"=>"1"}
  [1m[36mCliente Load (0.3ms)[0m  [1m[34mSELECT  "clientes".* FROM "clientes" WHERE "clientes"."id" = $1 LIMIT $2[0m  [["id", 1], ["LIMIT", 1]]
  ↳ app/controllers/clientes_controller.rb:7
  Rendering clientes/show.html.erb within layouts/application
  [1m[36mPacote Load (0.2ms)[0m  [1m[34mSELECT "pacotes".* FROM "pacotes" WHERE "pacotes"."cliente_id" = $1[0m  [["cliente_id", 1]]
  ↳ app/views/clientes/show.html.erb:48
  Rendered collection of templates [0 times] (0.0ms)
  Rendered pacotes/_form.html.erb (2.3ms)
  Rendered clientes/show.html.erb within layouts/application (7.4ms)
Completed 500 Internal Server Error in 175ms (ActiveRecord: 0.5ms)


  
ActionView::Template::Error ($color: 'color("grey", "lighten-4")' is not a color for `lighten'):
     5:     <%= csrf_meta_tags %>
     6:     <%= csp_meta_tag %>
     7: 
     8:     <%= stylesheet_link_tag    'application', media: 'all', 'data-turbolinks-track': 'reload' %>
     9:     <%= javascript_include_tag 'application', 'data-turbolinks-track': 'reload' %>
    10:   </head>
    11: 
  
app/assets/stylesheets/app_materialize.scss:4
app/views/layouts/application.html.erb:8:in `_app_views_layouts_application_html_erb__153604095233459769_69961772380440'
Started GET "/clientes/1" for 127.0.0.1 at 2018-07-06 10:24:34 -0300
Processing by ClientesController#show as HTML
  Parameters: {"id"=>"1"}
  [1m[36mCliente Load (0.3ms)[0m  [1m[34mSELECT  "clientes".* FROM "clientes" WHERE "clientes"."id" = $1 LIMIT $2[0m  [["id", 1], ["LIMIT", 1]]
  ↳ app/controllers/clientes_controller.rb:7
  Rendering clientes/show.html.erb within layouts/application
  [1m[36mPacote Load (0.2ms)[0m  [1m[34mSELECT "pacotes".* FROM "pacotes" WHERE "pacotes"."cliente_id" = $1[0m  [["cliente_id", 1]]
  ↳ app/views/clientes/show.html.erb:48
  Rendered collection of templates [0 times] (0.0ms)
  Rendered pacotes/_form.html.erb (1.5ms)
  Rendered clientes/show.html.erb within layouts/application (8.0ms)
Completed 500 Internal Server Error in 139ms (ActiveRecord: 0.5ms)


  
ActionView::Template::Error ($color: 'color("grey", "lighten-4")' is not a color for `lighten'):
     5:     <%= csrf_meta_tags %>
     6:     <%= csp_meta_tag %>
     7: 
     8:     <%= stylesheet_link_tag    'application', media: 'all', 'data-turbolinks-track': 'reload' %>
     9:     <%= javascript_include_tag 'application', 'data-turbolinks-track': 'reload' %>
    10:   </head>
    11: 
  
app/assets/stylesheets/app_materialize.scss:4
app/views/layouts/application.html.erb:8:in `_app_views_layouts_application_html_erb__153604095233459769_69961782879720'
Started GET "/clientes/1" for 127.0.0.1 at 2018-07-06 10:24:47 -0300
  [1m[35m (0.6ms)[0m  [1m[34mSELECT "schema_migrations"."version" FROM "schema_migrations" ORDER BY "schema_migrations"."version" ASC[0m
  ↳ /home/gsvieira/.rvm/gems/ruby-2.5.1/gems/activerecord-5.2.0/lib/active_record/log_subscriber.rb:98
Processing by ClientesController#show as HTML
  Parameters: {"id"=>"1"}
  [1m[36mCliente Load (0.2ms)[0m  [1m[34mSELECT  "clientes".* FROM "clientes" WHERE "clientes"."id" = $1 LIMIT $2[0m  [["id", 1], ["LIMIT", 1]]
  ↳ app/controllers/clientes_controller.rb:7
  Rendering clientes/show.html.erb within layouts/application
  [1m[36mPacote Load (0.3ms)[0m  [1m[34mSELECT "pacotes".* FROM "pacotes" WHERE "pacotes"."cliente_id" = $1[0m  [["cliente_id", 1]]
  ↳ app/views/clientes/show.html.erb:48
  Rendered collection of templates [0 times] (0.0ms)
  Rendered pacotes/_form.html.erb (26.6ms)
  Rendered clientes/show.html.erb within layouts/application (42.2ms)
Completed 500 Internal Server Error in 503ms (ActiveRecord: 11.2ms)


  
ActionView::Template::Error ($color: 'color("grey", "lighten-4")' is not a color for `lighten'):
     5:     <%= csrf_meta_tags %>
     6:     <%= csp_meta_tag %>
     7: 
     8:     <%= stylesheet_link_tag    'application', media: 'all', 'data-turbolinks-track': 'reload' %>
     9:     <%= javascript_include_tag 'application', 'data-turbolinks-track': 'reload' %>
    10:   </head>
    11: 
  
app/assets/stylesheets/app_materialize.scss:4
app/views/layouts/application.html.erb:8:in `_app_views_layouts_application_html_erb__4236074346406761498_47439868374120'
Started GET "/clientes/1" for 127.0.0.1 at 2018-07-06 10:25:51 -0300
  [1m[35m (0.6ms)[0m  [1m[34mSELECT "schema_migrations"."version" FROM "schema_migrations" ORDER BY "schema_migrations"."version" ASC[0m
  ↳ /home/gsvieira/.rvm/gems/ruby-2.5.1/gems/activerecord-5.2.0/lib/active_record/log_subscriber.rb:98
Processing by ClientesController#show as HTML
  Parameters: {"id"=>"1"}
  [1m[36mCliente Load (0.2ms)[0m  [1m[34mSELECT  "clientes".* FROM "clientes" WHERE "clientes"."id" = $1 LIMIT $2[0m  [["id", 1], ["LIMIT", 1]]
  ↳ app/controllers/clientes_controller.rb:7
  Rendering clientes/show.html.erb within layouts/application
  [1m[36mPacote Load (2.9ms)[0m  [1m[34mSELECT "pacotes".* FROM "pacotes" WHERE "pacotes"."cliente_id" = $1[0m  [["cliente_id", 1]]
  ↳ app/views/clientes/show.html.erb:48
  Rendered collection of templates [0 times] (0.0ms)
  Rendered pacotes/_form.html.erb (21.6ms)
  Rendered clientes/show.html.erb within layouts/application (38.2ms)
Completed 500 Internal Server Error in 398ms (ActiveRecord: 14.0ms)


  
ActionView::Template::Error (File to import not found or unreadable: materialize/components/color-variables.
Load paths:
  /home/gsvieira/Documents/Link/app/assets/config
  /home/gsvieira/Documents/Link/app/assets/images
  /home/gsvieira/Documents/Link/app/assets/javascripts
  /home/gsvieira/Documents/Link/app/assets/stylesheets
  /home/gsvieira/.rvm/gems/ruby-2.5.1/gems/jquery-rails-4.3.3/vendor/assets/javascripts
  /home/gsvieira/.rvm/gems/ruby-2.5.1/gems/coffee-rails-4.2.2/lib/assets/javascripts
  /home/gsvieira/.rvm/gems/ruby-2.5.1/gems/material_icons-2.2.1/app/assets/fonts
  /home/gsvieira/.rvm/gems/ruby-2.5.1/gems/material_icons-2.2.1/app/assets/stylesheets
  /home/gsvieira/.rvm/gems/ruby-2.5.1/gems/materialize-sass-0.100.2/app/assets/fonts
  /home/gsvieira/.rvm/gems/ruby-2.5.1/gems/materialize-sass-0.100.2/app/assets/javascripts
  /home/gsvieira/.rvm/gems/ruby-2.5.1/gems/materialize-sass-0.100.2/app/assets/stylesheets
  /home/gsvieira/.rvm/gems/ruby-2.5.1/gems/actioncable-5.2.0/lib/assets/compiled
  /home/gsvieira/.rvm/gems/ruby-2.5.1/gems/activestorage-5.2.0/app/assets/javascripts
  /home/gsvieira/.rvm/gems/ruby-2.5.1/gems/actionview-5.2.0/lib/assets/compiled
  /home/gsvieira/.rvm/gems/ruby-2.5.1/gems/turbolinks-source-5.1.0/lib/assets/javascripts
  /home/gsvieira/Documents/Link/node_modules
  /home/gsvieira/.rvm/gems/ruby-2.5.1/gems/materialize-sass-0.100.2/app/assets/stylesheets
  /home/gsvieira/.rvm/gems/ruby-2.5.1/gems/materialize-sass-0.100.2/app/assets/javascripts
  /home/gsvieira/.rvm/gems/ruby-2.5.1/gems/materialize-sass-0.100.2/app/assets/fonts
  /home/gsvieira/.rvm/gems/ruby-2.5.1/gems/materialize-sass-0.100.2/app/assets/images
  /home/gsvieira/.rvm/gems/ruby-2.5.1/gems/materialize-sass-0.100.2/app/assets/stylesheets):
     5:     <%= csrf_meta_tags %>
     6:     <%= csp_meta_tag %>
     7: 
     8:     <%= stylesheet_link_tag    'application', media: 'all', 'data-turbolinks-track': 'reload' %>
     9:     <%= javascript_include_tag 'application', 'data-turbolinks-track': 'reload' %>
    10:   </head>
    11: 
  
app/assets/stylesheets/app_materialize.scss:1
app/views/layouts/application.html.erb:8:in `_app_views_layouts_application_html_erb___1462867440746273266_70040890153740'
Started GET "/clientes/1" for 127.0.0.1 at 2018-07-06 10:27:48 -0300
Processing by ClientesController#show as HTML
  Parameters: {"id"=>"1"}
  [1m[36mCliente Load (0.5ms)[0m  [1m[34mSELECT  "clientes".* FROM "clientes" WHERE "clientes"."id" = $1 LIMIT $2[0m  [["id", 1], ["LIMIT", 1]]
  ↳ app/controllers/clientes_controller.rb:7
  Rendering clientes/show.html.erb within layouts/application
  [1m[36mPacote Load (2.9ms)[0m  [1m[34mSELECT "pacotes".* FROM "pacotes" WHERE "pacotes"."cliente_id" = $1[0m  [["cliente_id", 1]]
  ↳ app/views/clientes/show.html.erb:48
  Rendered collection of templates [0 times] (0.0ms)
  Rendered pacotes/_form.html.erb (1.7ms)
  Rendered clientes/show.html.erb within layouts/application (8.1ms)
Completed 500 Internal Server Error in 2046ms (ActiveRecord: 3.4ms)


  
ActionView::Template::Error (Invalid CSS after "@import ": expected file to import (string or url()), was "“application_ma..."):
     5:     <%= csrf_meta_tags %>
     6:     <%= csp_meta_tag %>
     7: 
     8:     <%= stylesheet_link_tag    'application', media: 'all', 'data-turbolinks-track': 'reload' %>
     9:     <%= javascript_include_tag 'application', 'data-turbolinks-track': 'reload' %>
    10:   </head>
    11: 
  
app/assets/stylesheets/clientes.scss:4
app/views/layouts/application.html.erb:8:in `_app_views_layouts_application_html_erb___1462867440746273266_70041051765200'
Started GET "/clientes/1" for 127.0.0.1 at 2018-07-06 10:30:52 -0300
Processing by ClientesController#show as HTML
  Parameters: {"id"=>"1"}
  [1m[36mCliente Load (0.2ms)[0m  [1m[34mSELECT  "clientes".* FROM "clientes" WHERE "clientes"."id" = $1 LIMIT $2[0m  [["id", 1], ["LIMIT", 1]]
  ↳ app/controllers/clientes_controller.rb:7
  Rendering clientes/show.html.erb within layouts/application
  [1m[36mPacote Load (0.3ms)[0m  [1m[34mSELECT "pacotes".* FROM "pacotes" WHERE "pacotes"."cliente_id" = $1[0m  [["cliente_id", 1]]
  ↳ app/views/clientes/show.html.erb:48
  Rendered collection of templates [0 times] (0.0ms)
  Rendered pacotes/_form.html.erb (1.4ms)
  Rendered clientes/show.html.erb within layouts/application (3.7ms)
Completed 500 Internal Server Error in 31ms (ActiveRecord: 0.6ms)


  
ActionView::Template::Error (Invalid CSS after "@import ": expected file to import (string or url()), was "“app_materialize”;"):
     5:     <%= csrf_meta_tags %>
     6:     <%= csp_meta_tag %>
     7: 
     8:     <%= stylesheet_link_tag    'application', media: 'all', 'data-turbolinks-track': 'reload' %>
     9:     <%= javascript_include_tag 'application', 'data-turbolinks-track': 'reload' %>
    10:   </head>
    11: 
  
app/assets/stylesheets/clientes.scss:4
app/views/layouts/application.html.erb:8:in `_app_views_layouts_application_html_erb___1462867440746273266_70041061048540'
Started GET "/clientes/1" for 127.0.0.1 at 2018-07-06 10:33:53 -0300
  [1m[35m (0.5ms)[0m  [1m[34mSELECT "schema_migrations"."version" FROM "schema_migrations" ORDER BY "schema_migrations"."version" ASC[0m
  ↳ /home/gsvieira/.rvm/gems/ruby-2.5.1/gems/activerecord-5.2.0/lib/active_record/log_subscriber.rb:98
Processing by ClientesController#show as HTML
  Parameters: {"id"=>"1"}
  [1m[36mCliente Load (0.2ms)[0m  [1m[34mSELECT  "clientes".* FROM "clientes" WHERE "clientes"."id" = $1 LIMIT $2[0m  [["id", 1], ["LIMIT", 1]]
  ↳ app/controllers/clientes_controller.rb:7
  Rendering clientes/show.html.erb within layouts/application
  [1m[36mPacote Load (0.7ms)[0m  [1m[34mSELECT "pacotes".* FROM "pacotes" WHERE "pacotes"."cliente_id" = $1[0m  [["cliente_id", 1]]
  ↳ app/views/clientes/show.html.erb:48
  Rendered collection of templates [0 times] (0.0ms)
  Rendered pacotes/_form.html.erb (27.0ms)
  Rendered clientes/show.html.erb within layouts/application (43.8ms)
Completed 500 Internal Server Error in 420ms (ActiveRecord: 11.1ms)


  
ActionView::Template::Error (Invalid CSS after "@import ": expected file to import (string or url()), was "“app_materialize”;"):
     5:     <%= csrf_meta_tags %>
     6:     <%= csp_meta_tag %>
     7: 
     8:     <%= stylesheet_link_tag    'application', media: 'all', 'data-turbolinks-track': 'reload' %>
     9:     <%= javascript_include_tag 'application', 'data-turbolinks-track': 'reload' %>
    10:   </head>
    11: 
  
app/assets/stylesheets/clientes.scss:4
app/views/layouts/application.html.erb:8:in `_app_views_layouts_application_html_erb__4348687115742583525_46938308447980'
  [1m[35m (352.9ms)[0m  [1m[35mCREATE DATABASE "project_development" ENCODING = 'unicode'[0m
  ↳ bin/rails:9
  [1m[35m (256.9ms)[0m  [1m[35mCREATE DATABASE "project_test" ENCODING = 'unicode'[0m
  ↳ bin/rails:9
  [1m[35m (33.4ms)[0m  [1m[35mCREATE TABLE "schema_migrations" ("version" character varying NOT NULL PRIMARY KEY)[0m
  ↳ bin/rails:9
  [1m[35m (25.8ms)[0m  [1m[35mCREATE TABLE "ar_internal_metadata" ("key" character varying NOT NULL PRIMARY KEY, "value" character varying, "created_at" timestamp NOT NULL, "updated_at" timestamp NOT NULL)[0m
  ↳ bin/rails:9
  [1m[35m (1.2ms)[0m  [1m[34mSELECT pg_try_advisory_lock(279088437195799245)[0m
  ↳ bin/rails:9
  [1m[35m (1.0ms)[0m  [1m[34mSELECT "schema_migrations"."version" FROM "schema_migrations" ORDER BY "schema_migrations"."version" ASC[0m
  ↳ bin/rails:9
Migrating to CreateClientes (20180628001052)
  [1m[35m (0.3ms)[0m  [1m[35mBEGIN[0m
  ↳ bin/rails:9
  [1m[35m (17.7ms)[0m  [1m[35mCREATE TABLE "clientes" ("id" bigserial primary key, "Nome" character varying, "CPF" character varying, "Email" character varying, "Endereco" character varying, "Data_de_Nascimento" character varying, "Status" character varying, "created_at" timestamp NOT NULL, "updated_at" timestamp NOT NULL)[0m
  ↳ db/migrate/20180628001052_create_clientes.rb:3
  [1m[36mActiveRecord::SchemaMigration Create (0.8ms)[0m  [1m[32mINSERT INTO "schema_migrations" ("version") VALUES ($1) RETURNING "version"[0m  [["version", "20180628001052"]]
  ↳ bin/rails:9
  [1m[35m (1.8ms)[0m  [1m[35mCOMMIT[0m
  ↳ bin/rails:9
Migrating to CreatePacotes (20180629012435)
  [1m[35m (0.5ms)[0m  [1m[35mBEGIN[0m
  ↳ bin/rails:9
  [1m[35m (25.3ms)[0m  [1m[35mCREATE TABLE "pacotes" ("id" bigserial primary key, "Pagamento" character varying, "Plano" character varying, "cliente_id" bigint, "created_at" timestamp NOT NULL, "updated_at" timestamp NOT NULL, CONSTRAINT "fk_rails_d18f04c0bd"
FOREIGN KEY ("cliente_id")
  REFERENCES "clientes" ("id")
)[0m
  ↳ db/migrate/20180629012435_create_pacotes.rb:3
  [1m[35m (3.2ms)[0m  [1m[35mCREATE  INDEX  "index_pacotes_on_cliente_id" ON "pacotes"  ("cliente_id")[0m
  ↳ db/migrate/20180629012435_create_pacotes.rb:3
  [1m[36mActiveRecord::SchemaMigration Create (0.5ms)[0m  [1m[32mINSERT INTO "schema_migrations" ("version") VALUES ($1) RETURNING "version"[0m  [["version", "20180629012435"]]
  ↳ bin/rails:9
  [1m[35m (5.3ms)[0m  [1m[35mCOMMIT[0m
  ↳ bin/rails:9
  [1m[36mActiveRecord::InternalMetadata Load (0.7ms)[0m  [1m[34mSELECT  "ar_internal_metadata".* FROM "ar_internal_metadata" WHERE "ar_internal_metadata"."key" = $1 LIMIT $2[0m  [["key", "environment"], ["LIMIT", 1]]
  ↳ bin/rails:9
  [1m[35m (0.4ms)[0m  [1m[35mBEGIN[0m
  ↳ bin/rails:9
  [1m[36mActiveRecord::InternalMetadata Create (0.8ms)[0m  [1m[32mINSERT INTO "ar_internal_metadata" ("key", "value", "created_at", "updated_at") VALUES ($1, $2, $3, $4) RETURNING "key"[0m  [["key", "environment"], ["value", "development"], ["created_at", "2018-07-06 14:00:46.881552"], ["updated_at", "2018-07-06 14:00:46.881552"]]
  ↳ bin/rails:9
  [1m[35m (1.3ms)[0m  [1m[35mCOMMIT[0m
  ↳ bin/rails:9
  [1m[35m (0.5ms)[0m  [1m[34mSELECT pg_advisory_unlock(279088437195799245)[0m
  ↳ bin/rails:9
  [1m[35m (0.5ms)[0m  [1m[34mSELECT "schema_migrations"."version" FROM "schema_migrations" ORDER BY "schema_migrations"."version" ASC[0m
  ↳ bin/rails:9
Started GET "/" for 127.0.0.1 at 2018-07-06 11:00:55 -0300
  [1m[35m (0.5ms)[0m  [1m[34mSELECT "schema_migrations"."version" FROM "schema_migrations" ORDER BY "schema_migrations"."version" ASC[0m
  ↳ /home/eduardo/.rvm/gems/ruby-2.5.1@link/gems/activerecord-5.2.0/lib/active_record/log_subscriber.rb:98
Processing by WelcomeController#index as HTML
  Rendering welcome/index.html.erb within layouts/application
  Rendered welcome/index.html.erb within layouts/application (2.0ms)
Completed 500 Internal Server Error in 1989ms (ActiveRecord: 0.0ms)


  
ActionView::Template::Error (Invalid CSS after "@import ": expected file to import (string or url()), was "“app_materialize”;"):
     5:     <%= csrf_meta_tags %>
     6:     <%= csp_meta_tag %>
     7: 
     8:     <%= stylesheet_link_tag    'application', media: 'all', 'data-turbolinks-track': 'reload' %>
     9:     <%= javascript_include_tag 'application', 'data-turbolinks-track': 'reload' %>
    10:   </head>
    11: 
  
app/assets/stylesheets/clientes.scss:4
app/views/layouts/application.html.erb:8:in `_app_views_layouts_application_html_erb___1352578873020560234_47431424328020'
Started GET "/" for 127.0.0.1 at 2018-07-06 11:03:01 -0300
  [1m[35m (0.5ms)[0m  [1m[34mSELECT "schema_migrations"."version" FROM "schema_migrations" ORDER BY "schema_migrations"."version" ASC[0m
  ↳ /home/eduardo/.rvm/gems/ruby-2.5.1@link/gems/activerecord-5.2.0/lib/active_record/log_subscriber.rb:98
Processing by WelcomeController#index as HTML
  Rendering welcome/index.html.erb within layouts/application
  Rendered welcome/index.html.erb within layouts/application (6.0ms)
Completed 500 Internal Server Error in 1097ms (ActiveRecord: 0.0ms)


  
ActionView::Template::Error (Invalid CSS after "@import ": expected file to import (string or url()), was "“app_materialize”;"):
     5:     <%= csrf_meta_tags %>
     6:     <%= csp_meta_tag %>
     7: 
     8:     <%= stylesheet_link_tag    'application', media: 'all', 'data-turbolinks-track': 'reload' %>
     9:     <%= javascript_include_tag 'application', 'data-turbolinks-track': 'reload' %>
    10:   </head>
    11: 
  
app/assets/stylesheets/pacotes.scss:4
app/views/layouts/application.html.erb:8:in `_app_views_layouts_application_html_erb___723636309914203152_46925315563280'
Started GET "/" for 127.0.0.1 at 2018-07-06 11:04:48 -0300
Processing by WelcomeController#index as HTML
  Rendering welcome/index.html.erb within layouts/application
  Rendered welcome/index.html.erb within layouts/application (0.6ms)
Completed 500 Internal Server Error in 23ms (ActiveRecord: 0.0ms)


  
ActionView::Template::Error (File to import not found or unreadable: materialize/components/color-variables.
Load paths:
  /home/eduardo/Downloads/Link/app/assets/config
  /home/eduardo/Downloads/Link/app/assets/images
  /home/eduardo/Downloads/Link/app/assets/javascripts
  /home/eduardo/Downloads/Link/app/assets/stylesheets
  /home/eduardo/.rvm/gems/ruby-2.5.1@link/gems/jquery-rails-4.3.3/vendor/assets/javascripts
  /home/eduardo/.rvm/gems/ruby-2.5.1@link/gems/coffee-rails-4.2.2/lib/assets/javascripts
  /home/eduardo/.rvm/gems/ruby-2.5.1@link/gems/material_icons-2.2.1/app/assets/fonts
  /home/eduardo/.rvm/gems/ruby-2.5.1@link/gems/material_icons-2.2.1/app/assets/stylesheets
  /home/eduardo/.rvm/gems/ruby-2.5.1@link/gems/materialize-sass-0.100.2/app/assets/fonts
  /home/eduardo/.rvm/gems/ruby-2.5.1@link/gems/materialize-sass-0.100.2/app/assets/javascripts
  /home/eduardo/.rvm/gems/ruby-2.5.1@link/gems/materialize-sass-0.100.2/app/assets/stylesheets
  /home/eduardo/.rvm/gems/ruby-2.5.1@link/gems/actioncable-5.2.0/lib/assets/compiled
  /home/eduardo/.rvm/gems/ruby-2.5.1@link/gems/activestorage-5.2.0/app/assets/javascripts
  /home/eduardo/.rvm/gems/ruby-2.5.1@link/gems/actionview-5.2.0/lib/assets/compiled
  /home/eduardo/.rvm/gems/ruby-2.5.1@link/gems/turbolinks-source-5.1.0/lib/assets/javascripts
  /home/eduardo/Downloads/Link/node_modules
  /home/eduardo/.rvm/gems/ruby-2.5.1@link/gems/materialize-sass-0.100.2/app/assets/stylesheets
  /home/eduardo/.rvm/gems/ruby-2.5.1@link/gems/materialize-sass-0.100.2/app/assets/javascripts
  /home/eduardo/.rvm/gems/ruby-2.5.1@link/gems/materialize-sass-0.100.2/app/assets/fonts
  /home/eduardo/.rvm/gems/ruby-2.5.1@link/gems/materialize-sass-0.100.2/app/assets/images
  /home/eduardo/.rvm/gems/ruby-2.5.1@link/gems/materialize-sass-0.100.2/app/assets/stylesheets):
     5:     <%= csrf_meta_tags %>
     6:     <%= csp_meta_tag %>
     7: 
     8:     <%= stylesheet_link_tag    'application', media: 'all', 'data-turbolinks-track': 'reload' %>
     9:     <%= javascript_include_tag 'application', 'data-turbolinks-track': 'reload' %>
    10:   </head>
    11: 
  
app/assets/stylesheets/app_materialize.scss:1
app/views/layouts/application.html.erb:8:in `_app_views_layouts_application_html_erb___723636309914203152_69819553442380'
Started GET "/" for 127.0.0.1 at 2018-07-06 11:05:44 -0300
  [1m[35m (0.9ms)[0m  [1m[34mSELECT "schema_migrations"."version" FROM "schema_migrations" ORDER BY "schema_migrations"."version" ASC[0m
  ↳ /home/eduardo/.rvm/gems/ruby-2.5.1@link/gems/activerecord-5.2.0/lib/active_record/log_subscriber.rb:98
Processing by WelcomeController#index as HTML
  Rendering welcome/index.html.erb within layouts/application
  Rendered welcome/index.html.erb within layouts/application (1.1ms)
Completed 200 OK in 7761ms (Views: 7753.4ms | ActiveRecord: 0.0ms)


  [1m[35m (0.7ms)[0m  [1m[35mCREATE DATABASE "project_development" ENCODING = 'unicode'[0m
  ↳ bin/rails:9
  [1m[35m (0.3ms)[0m  [1m[35mCREATE DATABASE "project_test" ENCODING = 'unicode'[0m
  ↳ bin/rails:9
  [1m[35m (0.1ms)[0m  [1m[34mSELECT pg_try_advisory_lock(279088437195799245)[0m
  ↳ bin/rails:9
  [1m[35m (0.4ms)[0m  [1m[34mSELECT "schema_migrations"."version" FROM "schema_migrations" ORDER BY "schema_migrations"."version" ASC[0m
  ↳ bin/rails:9
  [1m[36mActiveRecord::InternalMetadata Load (0.2ms)[0m  [1m[34mSELECT  "ar_internal_metadata".* FROM "ar_internal_metadata" WHERE "ar_internal_metadata"."key" = $1 LIMIT $2[0m  [["key", "environment"], ["LIMIT", 1]]
  ↳ bin/rails:9
  [1m[35m (0.1ms)[0m  [1m[35mBEGIN[0m
  ↳ bin/rails:9
  [1m[35m (0.1ms)[0m  [1m[35mCOMMIT[0m
  ↳ bin/rails:9
  [1m[35m (0.1ms)[0m  [1m[34mSELECT pg_advisory_unlock(279088437195799245)[0m
  ↳ bin/rails:9
  [1m[35m (0.1ms)[0m  [1m[34mSELECT "schema_migrations"."version" FROM "schema_migrations" ORDER BY "schema_migrations"."version" ASC[0m
  ↳ bin/rails:9
Started GET "/clientes/new" for 127.0.0.1 at 2018-07-06 20:24:17 -0300
  [1m[35m (1.6ms)[0m  [1m[34mSELECT "schema_migrations"."version" FROM "schema_migrations" ORDER BY "schema_migrations"."version" ASC[0m
  ↳ /home/gsvieira/.rvm/gems/ruby-2.5.1/gems/activerecord-5.2.0/lib/active_record/log_subscriber.rb:98
Processing by ClientesController#new as HTML
  Rendering clientes/new.html.erb within layouts/application
  Rendered clientes/_form.html.erb (12.4ms)
  Rendered clientes/new.html.erb within layouts/application (16.1ms)
Completed 200 OK in 20087ms (Views: 20051.3ms | ActiveRecord: 5.0ms)


Started GET "/" for 127.0.0.1 at 2018-07-06 20:24:43 -0300
Processing by WelcomeController#index as HTML
  Rendering welcome/index.html.erb within layouts/application
  Rendered welcome/index.html.erb within layouts/application (0.9ms)
Completed 200 OK in 55ms (Views: 53.1ms | ActiveRecord: 0.0ms)


Started GET "/clientes" for 127.0.0.1 at 2018-07-06 20:24:45 -0300
Processing by ClientesController#index as HTML
  Rendering clientes/index.html.erb within layouts/application
  [1m[36mCliente Load (2.4ms)[0m  [1m[34mSELECT "clientes".* FROM "clientes"[0m
  ↳ app/views/clientes/index.html.erb:12
  Rendered clientes/index.html.erb within layouts/application (32.6ms)
Completed 200 OK in 81ms (Views: 75.3ms | ActiveRecord: 2.4ms)


Started GET "/clientes/2" for 127.0.0.1 at 2018-07-06 20:24:49 -0300
Processing by ClientesController#show as HTML
  Parameters: {"id"=>"2"}
  [1m[36mCliente Load (0.7ms)[0m  [1m[34mSELECT  "clientes".* FROM "clientes" WHERE "clientes"."id" = $1 LIMIT $2[0m  [["id", 2], ["LIMIT", 1]]
  ↳ app/controllers/clientes_controller.rb:7
  Rendering clientes/show.html.erb within layouts/application
  [1m[36mPacote Load (0.2ms)[0m  [1m[34mSELECT "pacotes".* FROM "pacotes" WHERE "pacotes"."cliente_id" = $1[0m  [["cliente_id", 2]]
  ↳ app/views/clientes/show.html.erb:48
  Rendered collection of templates [0 times] (0.0ms)
  Rendered pacotes/_form.html.erb (24.7ms)
  Rendered clientes/show.html.erb within layouts/application (56.5ms)
Completed 200 OK in 145ms (Views: 121.6ms | ActiveRecord: 5.8ms)


Started GET "/" for 127.0.0.1 at 2018-07-06 20:27:36 -0300
Processing by WelcomeController#index as HTML
  Rendering welcome/index.html.erb within layouts/application
  Rendered welcome/index.html.erb within layouts/application (0.5ms)
Completed 200 OK in 49ms (Views: 48.8ms | ActiveRecord: 0.0ms)


Started GET "/clientes" for 127.0.0.1 at 2018-07-06 20:34:09 -0300
Processing by ClientesController#index as HTML
  Rendering clientes/index.html.erb within layouts/application
  [1m[36mCliente Load (0.5ms)[0m  [1m[34mSELECT "clientes".* FROM "clientes"[0m
  ↳ app/views/clientes/index.html.erb:12
  Rendered clientes/index.html.erb within layouts/application (3.2ms)
Completed 200 OK in 53ms (Views: 51.9ms | ActiveRecord: 0.5ms)


Started GET "/clientes/2" for 127.0.0.1 at 2018-07-06 20:34:11 -0300
Processing by ClientesController#show as HTML
  Parameters: {"id"=>"2"}
  [1m[36mCliente Load (0.3ms)[0m  [1m[34mSELECT  "clientes".* FROM "clientes" WHERE "clientes"."id" = $1 LIMIT $2[0m  [["id", 2], ["LIMIT", 1]]
  ↳ app/controllers/clientes_controller.rb:7
  Rendering clientes/show.html.erb within layouts/application
  [1m[36mPacote Load (1.4ms)[0m  [1m[34mSELECT "pacotes".* FROM "pacotes" WHERE "pacotes"."cliente_id" = $1[0m  [["cliente_id", 2]]
  ↳ app/views/clientes/show.html.erb:48
  Rendered collection of templates [0 times] (0.0ms)
  Rendered pacotes/_form.html.erb (32.1ms)
  Rendered clientes/show.html.erb within layouts/application (35.8ms)
Completed 500 Internal Server Error in 40ms (ActiveRecord: 1.7ms)


  
ActionView::Template::Error (wrong number of arguments (given 3, expected 1..2)):
     6:   </p>
     7:   <p class="1">
     8:     <%= form.label :Plano %><br>
     9:     <%= form.text_field(:pacote, :Plano, [['fã de Zelda', 'fã de Zelda'], ['fã de Link', 'fã de Link'], ['fanático pelo time', 'fanático pelo time']]) %>
    10:   </p>
    11:   <p class="1">
    12:   <%= submit_tag "Comprar pacote" %>
  
app/views/pacotes/_form.html.erb:9:in `block in _app_views_pacotes__form_html_erb___2649642820989310507_47133935775340'
app/views/pacotes/_form.html.erb:2:in `_app_views_pacotes__form_html_erb___2649642820989310507_47133935775340'
app/views/clientes/show.html.erb:61:in `_app_views_clientes_show_html_erb___3648199165897088193_47133935828060'
Started GET "/clientes/2" for 127.0.0.1 at 2018-07-06 20:37:13 -0300
Processing by ClientesController#show as HTML
  Parameters: {"id"=>"2"}
  [1m[36mCliente Load (0.4ms)[0m  [1m[34mSELECT  "clientes".* FROM "clientes" WHERE "clientes"."id" = $1 LIMIT $2[0m  [["id", 2], ["LIMIT", 1]]
  ↳ app/controllers/clientes_controller.rb:7
  Rendering clientes/show.html.erb within layouts/application
  [1m[36mPacote Load (0.4ms)[0m  [1m[34mSELECT "pacotes".* FROM "pacotes" WHERE "pacotes"."cliente_id" = $1[0m  [["cliente_id", 2]]
  ↳ app/views/clientes/show.html.erb:48
  Rendered collection of templates [0 times] (0.0ms)
  Rendered pacotes/_form.html.erb (8.4ms)
  Rendered clientes/show.html.erb within layouts/application (12.2ms)
Completed 500 Internal Server Error in 17ms (ActiveRecord: 0.8ms)


  
ActionView::Template::Error (undefined method `merge' for #<Array:0x000055bc775afa80>):
     6:   </p>
     7:   <p class="1">
     8:     <%= form.label :Plano %><br>
     9:     <%= form.text_field(:Plano, [['fã de Zelda', 'fã de Zelda'], ['fã de Link', 'fã de Link'], ['fanático pelo time', 'fanático pelo time']]) %>
    10:   </p>
    11:   <p class="1">
    12:   <%= submit_tag "Comprar pacote" %>
  
app/views/pacotes/_form.html.erb:9:in `block in _app_views_pacotes__form_html_erb___2649642820989310507_47133972430780'
app/views/pacotes/_form.html.erb:2:in `_app_views_pacotes__form_html_erb___2649642820989310507_47133972430780'
app/views/clientes/show.html.erb:61:in `_app_views_clientes_show_html_erb___3648199165897088193_47133972482520'
Started GET "/clientes/2" for 127.0.0.1 at 2018-07-06 20:37:42 -0300
Processing by ClientesController#show as HTML
  Parameters: {"id"=>"2"}
  [1m[36mCliente Load (0.2ms)[0m  [1m[34mSELECT  "clientes".* FROM "clientes" WHERE "clientes"."id" = $1 LIMIT $2[0m  [["id", 2], ["LIMIT", 1]]
  ↳ app/controllers/clientes_controller.rb:7
  Rendering clientes/show.html.erb within layouts/application
  [1m[36mPacote Load (0.2ms)[0m  [1m[34mSELECT "pacotes".* FROM "pacotes" WHERE "pacotes"."cliente_id" = $1[0m  [["cliente_id", 2]]
  ↳ app/views/clientes/show.html.erb:48
  Rendered collection of templates [0 times] (0.0ms)
  Rendered pacotes/_form.html.erb (1.6ms)
  Rendered clientes/show.html.erb within layouts/application (6.4ms)
Completed 500 Internal Server Error in 11ms (ActiveRecord: 0.4ms)


  
SyntaxError (/home/gsvieira/Documents/Link/app/views/pacotes/_form.html.erb:9: syntax error, unexpected '(', expecting ')'
...ppend=( form.text_field:Plano (:pacote, :Plano, [['fã de Ze...
...                              ^
/home/gsvieira/Documents/Link/app/views/pacotes/_form.html.erb:9: syntax error, unexpected ')', expecting keyword_end
...me', 'fanático pelo time']]) );@output_buffer.safe_append='
...                              ^
/home/gsvieira/Documents/Link/app/views/pacotes/_form.html.erb:16: syntax error, unexpected keyword_ensure, expecting end-of-input
          ensure
          ^~~~~~):
  
app/views/pacotes/_form.html.erb:9: syntax error, unexpected '(', expecting ')'
app/views/pacotes/_form.html.erb:9: syntax error, unexpected ')', expecting keyword_end
app/views/pacotes/_form.html.erb:16: syntax error, unexpected keyword_ensure, expecting end-of-input
app/views/clientes/show.html.erb:61:in `_app_views_clientes_show_html_erb___3648199165897088193_47133932529220'
Started GET "/clientes/2" for 127.0.0.1 at 2018-07-06 20:40:07 -0300
Processing by ClientesController#show as HTML
  Parameters: {"id"=>"2"}
  [1m[36mCliente Load (0.2ms)[0m  [1m[34mSELECT  "clientes".* FROM "clientes" WHERE "clientes"."id" = $1 LIMIT $2[0m  [["id", 2], ["LIMIT", 1]]
  ↳ app/controllers/clientes_controller.rb:7
  Rendering clientes/show.html.erb within layouts/application
  [1m[36mPacote Load (0.2ms)[0m  [1m[34mSELECT "pacotes".* FROM "pacotes" WHERE "pacotes"."cliente_id" = $1[0m  [["cliente_id", 2]]
  ↳ app/views/clientes/show.html.erb:48
  Rendered collection of templates [0 times] (0.0ms)
  Rendered pacotes/_form.html.erb (0.6ms)
  Rendered clientes/show.html.erb within layouts/application (6.6ms)
Completed 500 Internal Server Error in 10ms (ActiveRecord: 0.3ms)


  
SyntaxError (/home/gsvieira/Documents/Link/app/views/pacotes/_form.html.erb:9: syntax error, unexpected '(', expecting ')'
...ppend=( form.text_field:Plano ([['fã de Zelda'], ['fã de L...
...                              ^
/home/gsvieira/Documents/Link/app/views/pacotes/_form.html.erb:9: syntax error, unexpected ')', expecting keyword_end
...'], ['fanático pelo time']]) );@output_buffer.safe_append='
...                              ^
/home/gsvieira/Documents/Link/app/views/pacotes/_form.html.erb:16: syntax error, unexpected keyword_ensure, expecting end-of-input
          ensure
          ^~~~~~):
  
app/views/pacotes/_form.html.erb:9: syntax error, unexpected '(', expecting ')'
app/views/pacotes/_form.html.erb:9: syntax error, unexpected ')', expecting keyword_end
app/views/pacotes/_form.html.erb:16: syntax error, unexpected keyword_ensure, expecting end-of-input
app/views/clientes/show.html.erb:61:in `_app_views_clientes_show_html_erb___3648199165897088193_47133929508360'
Started GET "/clientes/2" for 127.0.0.1 at 2018-07-06 20:40:12 -0300
Processing by ClientesController#show as HTML
  Parameters: {"id"=>"2"}
  [1m[36mCliente Load (0.3ms)[0m  [1m[34mSELECT  "clientes".* FROM "clientes" WHERE "clientes"."id" = $1 LIMIT $2[0m  [["id", 2], ["LIMIT", 1]]
  ↳ app/controllers/clientes_controller.rb:7
  Rendering clientes/show.html.erb within layouts/application
  [1m[36mPacote Load (0.3ms)[0m  [1m[34mSELECT "pacotes".* FROM "pacotes" WHERE "pacotes"."cliente_id" = $1[0m  [["cliente_id", 2]]
  ↳ app/views/clientes/show.html.erb:48
  Rendered collection of templates [0 times] (0.0ms)
  Rendered pacotes/_form.html.erb (0.5ms)
  Rendered clientes/show.html.erb within layouts/application (3.8ms)
Completed 500 Internal Server Error in 9ms (ActiveRecord: 0.6ms)


  
SyntaxError (/home/gsvieira/Documents/Link/app/views/pacotes/_form.html.erb:9: syntax error, unexpected '(', expecting ')'
...ppend=( form.text_field:Plano ([['fã de Zelda'], ['fã de L...
...                              ^
/home/gsvieira/Documents/Link/app/views/pacotes/_form.html.erb:9: syntax error, unexpected ')', expecting keyword_end
...'], ['fanático pelo time']]) );@output_buffer.safe_append='
...                              ^
/home/gsvieira/Documents/Link/app/views/pacotes/_form.html.erb:16: syntax error, unexpected keyword_ensure, expecting end-of-input
          ensure
          ^~~~~~):
  
app/views/pacotes/_form.html.erb:9: syntax error, unexpected '(', expecting ')'
app/views/pacotes/_form.html.erb:9: syntax error, unexpected ')', expecting keyword_end
app/views/pacotes/_form.html.erb:16: syntax error, unexpected keyword_ensure, expecting end-of-input
app/views/clientes/show.html.erb:61:in `_app_views_clientes_show_html_erb___3648199165897088193_47133923664560'
Started GET "/clientes/2" for 127.0.0.1 at 2018-07-06 20:42:09 -0300
Processing by ClientesController#show as HTML
  Parameters: {"id"=>"2"}
  [1m[36mCliente Load (0.2ms)[0m  [1m[34mSELECT  "clientes".* FROM "clientes" WHERE "clientes"."id" = $1 LIMIT $2[0m  [["id", 2], ["LIMIT", 1]]
  ↳ app/controllers/clientes_controller.rb:7
  Rendering clientes/show.html.erb within layouts/application
  [1m[36mPacote Load (0.2ms)[0m  [1m[34mSELECT "pacotes".* FROM "pacotes" WHERE "pacotes"."cliente_id" = $1[0m  [["cliente_id", 2]]
  ↳ app/views/clientes/show.html.erb:48
  Rendered collection of templates [0 times] (0.0ms)
  Rendered pacotes/_form.html.erb (1.5ms)
  Rendered clientes/show.html.erb within layouts/application (4.7ms)
Completed 200 OK in 57ms (Views: 55.2ms | ActiveRecord: 0.4ms)


Started GET "/clientes/2" for 127.0.0.1 at 2018-07-06 20:53:47 -0300
Processing by ClientesController#show as HTML
  Parameters: {"id"=>"2"}
  [1m[36mCliente Load (0.4ms)[0m  [1m[34mSELECT  "clientes".* FROM "clientes" WHERE "clientes"."id" = $1 LIMIT $2[0m  [["id", 2], ["LIMIT", 1]]
  ↳ app/controllers/clientes_controller.rb:7
  Rendering clientes/show.html.erb within layouts/application
  [1m[36mPacote Load (0.4ms)[0m  [1m[34mSELECT "pacotes".* FROM "pacotes" WHERE "pacotes"."cliente_id" = $1[0m  [["cliente_id", 2]]
  ↳ app/views/clientes/show.html.erb:48
  Rendered collection of templates [0 times] (0.0ms)
  Rendered pacotes/_form.html.erb (1.6ms)
  Rendered clientes/show.html.erb within layouts/application (8.2ms)
Completed 200 OK in 230ms (Views: 227.9ms | ActiveRecord: 0.8ms)


Started GET "/clientes/2" for 127.0.0.1 at 2018-07-06 21:03:09 -0300
  [1m[35m (0.4ms)[0m  [1m[34mSELECT "schema_migrations"."version" FROM "schema_migrations" ORDER BY "schema_migrations"."version" ASC[0m
  ↳ /home/gsvieira/.rvm/gems/ruby-2.5.1/gems/activerecord-5.2.0/lib/active_record/log_subscriber.rb:98
Processing by ClientesController#show as HTML
  Parameters: {"id"=>"2"}
  [1m[36mCliente Load (0.4ms)[0m  [1m[34mSELECT  "clientes".* FROM "clientes" WHERE "clientes"."id" = $1 LIMIT $2[0m  [["id", 2], ["LIMIT", 1]]
  ↳ app/controllers/clientes_controller.rb:7
  Rendering clientes/show.html.erb within layouts/application
  [1m[36mPacote Load (0.2ms)[0m  [1m[34mSELECT "pacotes".* FROM "pacotes" WHERE "pacotes"."cliente_id" = $1[0m  [["cliente_id", 2]]
  ↳ app/views/clientes/show.html.erb:48
  Rendered collection of templates [0 times] (0.0ms)
  Rendered pacotes/_form.html.erb (40.7ms)
  Rendered clientes/show.html.erb within layouts/application (67.0ms)
Completed 500 Internal Server Error in 509ms (ActiveRecord: 8.2ms)


  
ActionView::Template::Error (couldn't find file 'jquery-mask-plugin' with type 'application/javascript'
Checked in these paths: 
  /home/gsvieira/Documents/Link/app/assets/config
  /home/gsvieira/Documents/Link/app/assets/images
  /home/gsvieira/Documents/Link/app/assets/javascripts
  /home/gsvieira/Documents/Link/app/assets/stylesheets
  /home/gsvieira/.rvm/gems/ruby-2.5.1/gems/jquery-rails-4.3.3/vendor/assets/javascripts
  /home/gsvieira/.rvm/gems/ruby-2.5.1/gems/coffee-rails-4.2.2/lib/assets/javascripts
  /home/gsvieira/.rvm/gems/ruby-2.5.1/gems/material_icons-2.2.1/app/assets/fonts
  /home/gsvieira/.rvm/gems/ruby-2.5.1/gems/material_icons-2.2.1/app/assets/stylesheets
  /home/gsvieira/.rvm/gems/ruby-2.5.1/gems/actioncable-5.2.0/lib/assets/compiled
  /home/gsvieira/.rvm/gems/ruby-2.5.1/gems/activestorage-5.2.0/app/assets/javascripts
  /home/gsvieira/.rvm/gems/ruby-2.5.1/gems/actionview-5.2.0/lib/assets/compiled
  /home/gsvieira/.rvm/gems/ruby-2.5.1/gems/turbolinks-source-5.1.0/lib/assets/javascripts
  /home/gsvieira/Documents/Link/node_modules
  /home/gsvieira/.rvm/gems/ruby-2.5.1/gems/materialize-sass-1.0.0.rc2/assets/stylesheets
  /home/gsvieira/.rvm/gems/ruby-2.5.1/gems/materialize-sass-1.0.0.rc2/assets/javascripts):
     5:     <%= csrf_meta_tags %>
     6:     <%= csp_meta_tag %>
     7: 
     8:     <%= stylesheet_link_tag    'application', media: 'all', 'data-turbolinks-track': 'reload' %>
     9:     <%= javascript_include_tag 'application', 'data-turbolinks-track': 'reload' %>
    10:   </head>
    11: 
  
app/assets/javascripts/application.js:15
app/views/layouts/application.html.erb:8:in `_app_views_layouts_application_html_erb__643315134602202098_47214707825940'
Started GET "/clientes/2" for 127.0.0.1 at 2018-07-06 21:34:09 -0300
  [1m[35m (0.4ms)[0m  [1m[34mSELECT "schema_migrations"."version" FROM "schema_migrations" ORDER BY "schema_migrations"."version" ASC[0m
  ↳ /home/gsvieira/.rvm/gems/ruby-2.5.1/gems/activerecord-5.2.0/lib/active_record/log_subscriber.rb:98
Processing by ClientesController#show as HTML
  Parameters: {"id"=>"2"}
  [1m[36mCliente Load (0.4ms)[0m  [1m[34mSELECT  "clientes".* FROM "clientes" WHERE "clientes"."id" = $1 LIMIT $2[0m  [["id", 2], ["LIMIT", 1]]
  ↳ app/controllers/clientes_controller.rb:7
  Rendering clientes/show.html.erb within layouts/application
  [1m[36mPacote Load (0.3ms)[0m  [1m[34mSELECT "pacotes".* FROM "pacotes" WHERE "pacotes"."cliente_id" = $1[0m  [["cliente_id", 2]]
  ↳ app/views/clientes/show.html.erb:48
  Rendered collection of templates [0 times] (0.0ms)
  Rendered pacotes/_form.html.erb (25.2ms)
  Rendered clientes/show.html.erb within layouts/application (43.8ms)
Completed 200 OK in 2500ms (Views: 2453.6ms | ActiveRecord: 10.7ms)


Started GET "/clientes/" for 127.0.0.1 at 2018-07-06 21:35:26 -0300
Processing by ClientesController#index as HTML
  Rendering clientes/index.html.erb within layouts/application
  [1m[36mCliente Load (0.4ms)[0m  [1m[34mSELECT "clientes".* FROM "clientes"[0m
  ↳ app/views/clientes/index.html.erb:12
  Rendered clientes/index.html.erb within layouts/application (6.3ms)
Completed 200 OK in 94ms (Views: 90.3ms | ActiveRecord: 0.4ms)


Started GET "/clientes/new" for 127.0.0.1 at 2018-07-06 21:35:28 -0300
Processing by ClientesController#new as HTML
  Rendering clientes/new.html.erb within layouts/application
  Rendered clientes/_form.html.erb (9.9ms)
  Rendered clientes/new.html.erb within layouts/application (13.4ms)
Completed 200 OK in 121ms (Views: 119.3ms | ActiveRecord: 0.0ms)


Started GET "/clientes/2" for 127.0.0.1 at 2018-07-06 21:37:38 -0300
Processing by ClientesController#show as HTML
  Parameters: {"id"=>"2"}
  [1m[36mCliente Load (0.2ms)[0m  [1m[34mSELECT  "clientes".* FROM "clientes" WHERE "clientes"."id" = $1 LIMIT $2[0m  [["id", 2], ["LIMIT", 1]]
  ↳ app/controllers/clientes_controller.rb:7
  Rendering clientes/show.html.erb within layouts/application
  [1m[36mPacote Load (0.4ms)[0m  [1m[34mSELECT "pacotes".* FROM "pacotes" WHERE "pacotes"."cliente_id" = $1[0m  [["cliente_id", 2]]
  ↳ app/views/clientes/show.html.erb:48
  Rendered collection of templates [0 times] (0.0ms)
  Rendered pacotes/_form.html.erb (2.4ms)
  Rendered clientes/show.html.erb within layouts/application (8.4ms)
Completed 200 OK in 62ms (Views: 59.6ms | ActiveRecord: 0.6ms)


Started GET "/clientes" for 127.0.0.1 at 2018-07-06 22:59:30 -0300
  [1m[35m (0.3ms)[0m  [1m[34mSELECT "schema_migrations"."version" FROM "schema_migrations" ORDER BY "schema_migrations"."version" ASC[0m
  ↳ /home/gustavo/.rvm/gems/ruby-2.5.1/gems/activerecord-5.2.0/lib/active_record/log_subscriber.rb:98
Processing by ClientesController#index as HTML
  Rendering clientes/index.html.erb within layouts/application
  [1m[36mCliente Load (0.4ms)[0m  [1m[34mSELECT "clientes".* FROM "clientes"[0m
  ↳ app/views/clientes/index.html.erb:12
  Rendered clientes/index.html.erb within layouts/application (9.8ms)
Completed 200 OK in 7050ms (Views: 7039.8ms | ActiveRecord: 2.9ms)


Started GET "/welcome/index" for 127.0.0.1 at 2018-07-06 22:59:41 -0300
Processing by WelcomeController#index as HTML
  Rendering welcome/index.html.erb within layouts/application
  Rendered welcome/index.html.erb within layouts/application (2.7ms)
Completed 200 OK in 46ms (Views: 41.9ms | ActiveRecord: 0.0ms)


Started GET "/clientes" for 127.0.0.1 at 2018-07-06 22:59:42 -0300
Processing by ClientesController#index as HTML
  Rendering clientes/index.html.erb within layouts/application
  [1m[36mCliente Load (0.9ms)[0m  [1m[34mSELECT "clientes".* FROM "clientes"[0m
  ↳ app/views/clientes/index.html.erb:12
  Rendered clientes/index.html.erb within layouts/application (7.2ms)
Completed 200 OK in 45ms (Views: 42.1ms | ActiveRecord: 0.9ms)


Started GET "/clientes/19" for 127.0.0.1 at 2018-07-06 22:59:45 -0300
Processing by ClientesController#show as HTML
  Parameters: {"id"=>"19"}
  [1m[36mCliente Load (0.6ms)[0m  [1m[34mSELECT  "clientes".* FROM "clientes" WHERE "clientes"."id" = $1 LIMIT $2[0m  [["id", 19], ["LIMIT", 1]]
  ↳ app/controllers/clientes_controller.rb:7
  Rendering clientes/show.html.erb within layouts/application
  [1m[36mPacote Load (0.9ms)[0m  [1m[34mSELECT "pacotes".* FROM "pacotes" WHERE "pacotes"."cliente_id" = $1[0m  [["cliente_id", 19]]
  ↳ app/views/clientes/show.html.erb:48
  Rendered collection of pacotes/_pacote.html.erb [3 times] (20.1ms)
  Rendered pacotes/_form.html.erb (137.3ms)
  Rendered clientes/show.html.erb within layouts/application (365.5ms)
Completed 200 OK in 436ms (Views: 400.0ms | ActiveRecord: 9.7ms)


  [1m[35m (0.1ms)[0m  [1m[34mSELECT pg_try_advisory_lock(279088437195799245)[0m
  ↳ bin/rails:9
  [1m[35m (0.3ms)[0m  [1m[34mSELECT "schema_migrations"."version" FROM "schema_migrations" ORDER BY "schema_migrations"."version" ASC[0m
  ↳ bin/rails:9
  [1m[36mActiveRecord::InternalMetadata Load (16.5ms)[0m  [1m[34mSELECT  "ar_internal_metadata".* FROM "ar_internal_metadata" WHERE "ar_internal_metadata"."key" = $1 LIMIT $2[0m  [["key", "environment"], ["LIMIT", 1]]
  ↳ bin/rails:9
  [1m[35m (0.1ms)[0m  [1m[35mBEGIN[0m
  ↳ bin/rails:9
  [1m[35m (0.1ms)[0m  [1m[35mCOMMIT[0m
  ↳ bin/rails:9
  [1m[35m (0.1ms)[0m  [1m[34mSELECT pg_advisory_unlock(279088437195799245)[0m
  ↳ bin/rails:9
  [1m[35m (0.1ms)[0m  [1m[34mSELECT "schema_migrations"."version" FROM "schema_migrations" ORDER BY "schema_migrations"."version" ASC[0m
  ↳ bin/rails:9
  [1m[35m (0.5ms)[0m  [1m[34mSELECT "schema_migrations"."version" FROM "schema_migrations" ORDER BY "schema_migrations"."version" ASC[0m
  ↳ bin/rails:9
  [1m[35m (0.1ms)[0m  [1m[35mBEGIN[0m
  ↳ db/seeds.rb:9
  [1m[36mCliente Create (31.4ms)[0m  [1m[32mINSERT INTO "clientes" ("Nome", "CPF", "Email", "Endereco", "Data_de_Nascimento", "Status", "created_at", "updated_at") VALUES ($1, $2, $3, $4, $5, $6, $7, $8) RETURNING "id"[0m  [["Nome", "Eduardo"], ["CPF", "001"], ["Email", "edu@eee.com"], ["Endereco", "abc"], ["Data_de_Nascimento", "11_11_1111"], ["Status", "Ativo"], ["created_at", "2018-07-07 02:01:25.344792"], ["updated_at", "2018-07-07 02:01:25.344792"]]
  ↳ db/seeds.rb:9
  [1m[35m (14.5ms)[0m  [1m[35mCOMMIT[0m
  ↳ db/seeds.rb:9
  [1m[35m (0.2ms)[0m  [1m[35mBEGIN[0m
  ↳ db/seeds.rb:17
  [1m[36mCliente Create (0.7ms)[0m  [1m[32mINSERT INTO "clientes" ("Nome", "CPF", "Email", "Endereco", "Data_de_Nascimento", "Status", "created_at", "updated_at") VALUES ($1, $2, $3, $4, $5, $6, $7, $8) RETURNING "id"[0m  [["Nome", "Lancellotti"], ["CPF", "002"], ["Email", "lança@eee.com"], ["Endereco", "abc"], ["Data_de_Nascimento", "22_22_2222"], ["Status", "Ativo"], ["created_at", "2018-07-07 02:01:25.395242"], ["updated_at", "2018-07-07 02:01:25.395242"]]
  ↳ db/seeds.rb:17
  [1m[35m (5.0ms)[0m  [1m[35mCOMMIT[0m
  ↳ db/seeds.rb:17
  [1m[35m (0.3ms)[0m  [1m[35mBEGIN[0m
  ↳ db/seeds.rb:25
  [1m[36mCliente Create (0.9ms)[0m  [1m[32mINSERT INTO "clientes" ("Nome", "CPF", "Email", "Endereco", "Data_de_Nascimento", "Status", "created_at", "updated_at") VALUES ($1, $2, $3, $4, $5, $6, $7, $8) RETURNING "id"[0m  [["Nome", "Gabriel"], ["CPF", "003"], ["Email", "gabs@eee.com"], ["Endereco", "abc"], ["Data_de_Nascimento", "33_33_3333"], ["Status", "Ativo"], ["created_at", "2018-07-07 02:01:25.405690"], ["updated_at", "2018-07-07 02:01:25.405690"]]
  ↳ db/seeds.rb:25
  [1m[35m (3.5ms)[0m  [1m[35mCOMMIT[0m
  ↳ db/seeds.rb:25
  [1m[35m (0.4ms)[0m  [1m[35mBEGIN[0m
  ↳ db/seeds.rb:33
  [1m[36mCliente Create (0.7ms)[0m  [1m[32mINSERT INTO "clientes" ("Nome", "CPF", "Email", "Endereco", "Data_de_Nascimento", "Status", "created_at", "updated_at") VALUES ($1, $2, $3, $4, $5, $6, $7, $8) RETURNING "id"[0m  [["Nome", "Henrique"], ["CPF", "004"], ["Email", "henry@eee.com"], ["Endereco", "abc"], ["Data_de_Nascimento", "44_44_4444"], ["Status", "Ativo"], ["created_at", "2018-07-07 02:01:25.416981"], ["updated_at", "2018-07-07 02:01:25.416981"]]
  ↳ db/seeds.rb:33
  [1m[35m (5.4ms)[0m  [1m[35mCOMMIT[0m
  ↳ db/seeds.rb:33
  [1m[35m (0.4ms)[0m  [1m[35mBEGIN[0m
  ↳ db/seeds.rb:41
  [1m[36mCliente Create (0.7ms)[0m  [1m[32mINSERT INTO "clientes" ("Nome", "CPF", "Email", "Endereco", "Data_de_Nascimento", "Status", "created_at", "updated_at") VALUES ($1, $2, $3, $4, $5, $6, $7, $8) RETURNING "id"[0m  [["Nome", "Gustavo"], ["CPF", "007"], ["Email", "espiaorrusso@eee.com"], ["Endereco", "abc"], ["Data_de_Nascimento", "00_00_0000"], ["Status", "Aguardando pagamento"], ["created_at", "2018-07-07 02:01:25.429433"], ["updated_at", "2018-07-07 02:01:25.429433"]]
  ↳ db/seeds.rb:41
  [1m[35m (3.9ms)[0m  [1m[35mCOMMIT[0m
  ↳ db/seeds.rb:41
Started GET "/clientes" for 127.0.0.1 at 2018-07-06 23:01:28 -0300
Processing by ClientesController#index as HTML
  Rendering clientes/index.html.erb within layouts/application
  [1m[36mCliente Load (0.5ms)[0m  [1m[34mSELECT "clientes".* FROM "clientes"[0m
  ↳ app/views/clientes/index.html.erb:12
  Rendered clientes/index.html.erb within layouts/application (11.0ms)
Completed 200 OK in 32ms (Views: 26.5ms | ActiveRecord: 3.8ms)


Started DELETE "/clientes/41" for 127.0.0.1 at 2018-07-06 23:01:32 -0300
Processing by ClientesController#destroy as HTML
  Parameters: {"authenticity_token"=>"uj9fru4+bwSSMOAEd7xF5dct0eIV1jam7z87NdwO+S5XIef/HUNvcbrmpweD6e2LhhUiPxmfHXcRxo1/UL3jtw==", "id"=>"41"}
  [1m[36mCliente Load (0.2ms)[0m  [1m[34mSELECT  "clientes".* FROM "clientes" WHERE "clientes"."id" = $1 LIMIT $2[0m  [["id", 41], ["LIMIT", 1]]
  ↳ app/controllers/clientes_controller.rb:39
  [1m[35m (0.1ms)[0m  [1m[35mBEGIN[0m
  ↳ app/controllers/clientes_controller.rb:40
  [1m[36mPacote Load (0.3ms)[0m  [1m[34mSELECT "pacotes".* FROM "pacotes" WHERE "pacotes"."cliente_id" = $1[0m  [["cliente_id", 41]]
  ↳ app/controllers/clientes_controller.rb:40
  [1m[36mCliente Destroy (0.4ms)[0m  [1m[31mDELETE FROM "clientes" WHERE "clientes"."id" = $1[0m  [["id", 41]]
  ↳ app/controllers/clientes_controller.rb:40
  [1m[35m (18.8ms)[0m  [1m[35mCOMMIT[0m
  ↳ app/controllers/clientes_controller.rb:40
Redirected to http://localhost:3000/clientes
Completed 302 Found in 28ms (ActiveRecord: 21.1ms)


Started GET "/clientes" for 127.0.0.1 at 2018-07-06 23:01:32 -0300
Processing by ClientesController#index as HTML
  Rendering clientes/index.html.erb within layouts/application
  [1m[36mCliente Load (0.2ms)[0m  [1m[34mSELECT "clientes".* FROM "clientes"[0m
  ↳ app/views/clientes/index.html.erb:12
  Rendered clientes/index.html.erb within layouts/application (2.1ms)
Completed 200 OK in 25ms (Views: 23.8ms | ActiveRecord: 0.2ms)


Started DELETE "/clientes/40" for 127.0.0.1 at 2018-07-06 23:01:35 -0300
Processing by ClientesController#destroy as HTML
  Parameters: {"authenticity_token"=>"NAgig9zr8BSTw5g4E7JKcFZ8Gn48pz6+0q6w1k8yvFHZFprSL5bwYbsV3zvn5+IeB0TpozDuFW8sVwacw4GmyA==", "id"=>"40"}
  [1m[36mCliente Load (0.4ms)[0m  [1m[34mSELECT  "clientes".* FROM "clientes" WHERE "clientes"."id" = $1 LIMIT $2[0m  [["id", 40], ["LIMIT", 1]]
  ↳ app/controllers/clientes_controller.rb:39
  [1m[35m (0.2ms)[0m  [1m[35mBEGIN[0m
  ↳ app/controllers/clientes_controller.rb:40
  [1m[36mPacote Load (0.3ms)[0m  [1m[34mSELECT "pacotes".* FROM "pacotes" WHERE "pacotes"."cliente_id" = $1[0m  [["cliente_id", 40]]
  ↳ app/controllers/clientes_controller.rb:40
  [1m[36mCliente Destroy (0.8ms)[0m  [1m[31mDELETE FROM "clientes" WHERE "clientes"."id" = $1[0m  [["id", 40]]
  ↳ app/controllers/clientes_controller.rb:40
  [1m[35m (3.6ms)[0m  [1m[35mCOMMIT[0m
  ↳ app/controllers/clientes_controller.rb:40
Redirected to http://localhost:3000/clientes
Completed 302 Found in 9ms (ActiveRecord: 5.2ms)


Started GET "/clientes" for 127.0.0.1 at 2018-07-06 23:01:35 -0300
Processing by ClientesController#index as HTML
  Rendering clientes/index.html.erb within layouts/application
  [1m[36mCliente Load (0.3ms)[0m  [1m[34mSELECT "clientes".* FROM "clientes"[0m
  ↳ app/views/clientes/index.html.erb:12
  Rendered clientes/index.html.erb within layouts/application (2.1ms)
Completed 200 OK in 23ms (Views: 21.6ms | ActiveRecord: 0.3ms)


Started DELETE "/clientes/39" for 127.0.0.1 at 2018-07-06 23:01:37 -0300
Processing by ClientesController#destroy as HTML
  Parameters: {"authenticity_token"=>"rMvImOCGX22E8zL9kAdpgEosFeuPUHYwhS2QvmvBA4ZB1XDJE/tfGKwldf5kUsHuGxTmNoMZXeF71Cb053IZHw==", "id"=>"39"}
  [1m[36mCliente Load (0.5ms)[0m  [1m[34mSELECT  "clientes".* FROM "clientes" WHERE "clientes"."id" = $1 LIMIT $2[0m  [["id", 39], ["LIMIT", 1]]
  ↳ app/controllers/clientes_controller.rb:39
  [1m[35m (0.2ms)[0m  [1m[35mBEGIN[0m
  ↳ app/controllers/clientes_controller.rb:40
  [1m[36mPacote Load (0.5ms)[0m  [1m[34mSELECT "pacotes".* FROM "pacotes" WHERE "pacotes"."cliente_id" = $1[0m  [["cliente_id", 39]]
  ↳ app/controllers/clientes_controller.rb:40
  [1m[36mCliente Destroy (0.7ms)[0m  [1m[31mDELETE FROM "clientes" WHERE "clientes"."id" = $1[0m  [["id", 39]]
  ↳ app/controllers/clientes_controller.rb:40
  [1m[35m (135.5ms)[0m  [1m[35mCOMMIT[0m
  ↳ app/controllers/clientes_controller.rb:40
Redirected to http://localhost:3000/clientes
Completed 302 Found in 144ms (ActiveRecord: 137.4ms)


Started GET "/clientes" for 127.0.0.1 at 2018-07-06 23:01:37 -0300
Processing by ClientesController#index as HTML
  Rendering clientes/index.html.erb within layouts/application
  [1m[36mCliente Load (0.8ms)[0m  [1m[34mSELECT "clientes".* FROM "clientes"[0m
  ↳ app/views/clientes/index.html.erb:12
  Rendered clientes/index.html.erb within layouts/application (7.2ms)
Completed 200 OK in 43ms (Views: 39.4ms | ActiveRecord: 0.8ms)


Started DELETE "/clientes/38" for 127.0.0.1 at 2018-07-06 23:01:39 -0300
Processing by ClientesController#destroy as HTML
  Parameters: {"authenticity_token"=>"n6HqypzAPMXTYJWzK7gckcPp25h7x7AxHnVpaeMCEFVyv1Kbb708sPu20rDf7bT/ktEoRXeOm+DgjN8jb7EKzA==", "id"=>"38"}
  [1m[36mCliente Load (0.2ms)[0m  [1m[34mSELECT  "clientes".* FROM "clientes" WHERE "clientes"."id" = $1 LIMIT $2[0m  [["id", 38], ["LIMIT", 1]]
  ↳ app/controllers/clientes_controller.rb:39
  [1m[35m (0.1ms)[0m  [1m[35mBEGIN[0m
  ↳ app/controllers/clientes_controller.rb:40
  [1m[36mPacote Load (0.1ms)[0m  [1m[34mSELECT "pacotes".* FROM "pacotes" WHERE "pacotes"."cliente_id" = $1[0m  [["cliente_id", 38]]
  ↳ app/controllers/clientes_controller.rb:40
  [1m[36mCliente Destroy (0.3ms)[0m  [1m[31mDELETE FROM "clientes" WHERE "clientes"."id" = $1[0m  [["id", 38]]
  ↳ app/controllers/clientes_controller.rb:40
  [1m[35m (6.0ms)[0m  [1m[35mCOMMIT[0m
  ↳ app/controllers/clientes_controller.rb:40
Redirected to http://localhost:3000/clientes
Completed 302 Found in 10ms (ActiveRecord: 6.6ms)


Started GET "/clientes" for 127.0.0.1 at 2018-07-06 23:01:39 -0300
Processing by ClientesController#index as HTML
  Rendering clientes/index.html.erb within layouts/application
  [1m[36mCliente Load (0.4ms)[0m  [1m[34mSELECT "clientes".* FROM "clientes"[0m
  ↳ app/views/clientes/index.html.erb:12
  Rendered clientes/index.html.erb within layouts/application (2.6ms)
Completed 200 OK in 26ms (Views: 24.6ms | ActiveRecord: 0.4ms)


Started DELETE "/clientes/37" for 127.0.0.1 at 2018-07-06 23:01:42 -0300
Processing by ClientesController#destroy as HTML
  Parameters: {"authenticity_token"=>"a8oHSEo2G+KysnQnOq9nnciGLEQqgzwko1SJ/o2XrIqG1L8ZuUsbl5pkMyTO+s/zmb7fmSbKF/VdrT+0ASS2Ew==", "id"=>"37"}
  [1m[36mCliente Load (0.7ms)[0m  [1m[34mSELECT  "clientes".* FROM "clientes" WHERE "clientes"."id" = $1 LIMIT $2[0m  [["id", 37], ["LIMIT", 1]]
  ↳ app/controllers/clientes_controller.rb:39
  [1m[35m (0.3ms)[0m  [1m[35mBEGIN[0m
  ↳ app/controllers/clientes_controller.rb:40
  [1m[36mPacote Load (1.0ms)[0m  [1m[34mSELECT "pacotes".* FROM "pacotes" WHERE "pacotes"."cliente_id" = $1[0m  [["cliente_id", 37]]
  ↳ app/controllers/clientes_controller.rb:40
  [1m[36mCliente Destroy (0.7ms)[0m  [1m[31mDELETE FROM "clientes" WHERE "clientes"."id" = $1[0m  [["id", 37]]
  ↳ app/controllers/clientes_controller.rb:40
  [1m[35m (45.9ms)[0m  [1m[35mCOMMIT[0m
  ↳ app/controllers/clientes_controller.rb:40
Redirected to http://localhost:3000/clientes
Completed 302 Found in 56ms (ActiveRecord: 48.6ms)


Started GET "/clientes" for 127.0.0.1 at 2018-07-06 23:01:42 -0300
Processing by ClientesController#index as HTML
  Rendering clientes/index.html.erb within layouts/application
  [1m[36mCliente Load (0.7ms)[0m  [1m[34mSELECT "clientes".* FROM "clientes"[0m
  ↳ app/views/clientes/index.html.erb:12
  Rendered clientes/index.html.erb within layouts/application (5.7ms)
Completed 200 OK in 40ms (Views: 37.3ms | ActiveRecord: 0.7ms)


Started GET "/clientes/19" for 127.0.0.1 at 2018-07-06 23:01:45 -0300
Processing by ClientesController#show as HTML
  Parameters: {"id"=>"19"}
  [1m[36mCliente Load (0.8ms)[0m  [1m[34mSELECT  "clientes".* FROM "clientes" WHERE "clientes"."id" = $1 LIMIT $2[0m  [["id", 19], ["LIMIT", 1]]
  ↳ app/controllers/clientes_controller.rb:7
  Rendering clientes/show.html.erb within layouts/application
  [1m[36mPacote Load (0.6ms)[0m  [1m[34mSELECT "pacotes".* FROM "pacotes" WHERE "pacotes"."cliente_id" = $1[0m  [["cliente_id", 19]]
  ↳ app/views/clientes/show.html.erb:48
  Rendered collection of pacotes/_pacote.html.erb [3 times] (1.4ms)
  Rendered pacotes/_form.html.erb (1.9ms)
  Rendered clientes/show.html.erb within layouts/application (19.7ms)
Completed 200 OK in 47ms (Views: 40.1ms | ActiveRecord: 3.8ms)


Started GET "/clientes/19" for 127.0.0.1 at 2018-07-06 23:02:51 -0300
Processing by ClientesController#show as HTML
  Parameters: {"id"=>"19"}
  [1m[36mCliente Load (0.6ms)[0m  [1m[34mSELECT  "clientes".* FROM "clientes" WHERE "clientes"."id" = $1 LIMIT $2[0m  [["id", 19], ["LIMIT", 1]]
  ↳ app/controllers/clientes_controller.rb:7
  Rendering clientes/show.html.erb within layouts/application
  [1m[36mPacote Load (0.4ms)[0m  [1m[34mSELECT "pacotes".* FROM "pacotes" WHERE "pacotes"."cliente_id" = $1[0m  [["cliente_id", 19]]
  ↳ app/views/clientes/show.html.erb:48
  Rendered collection of pacotes/_pacote.html.erb [3 times] (2.2ms)
  Rendered pacotes/_form.html.erb (3.5ms)
  Rendered clientes/show.html.erb within layouts/application (12.9ms)
Completed 200 OK in 48ms (Views: 42.0ms | ActiveRecord: 0.9ms)


Started GET "/clientes/new" for 127.0.0.1 at 2018-07-06 23:08:34 -0300
Processing by ClientesController#new as HTML
  Rendering clientes/new.html.erb within layouts/application
  Rendered clientes/_form.html.erb (11.2ms)
  Rendered clientes/new.html.erb within layouts/application (12.0ms)
Completed 500 Internal Server Error in 14ms (ActiveRecord: 0.0ms)


  
ActionView::Template::Error (wrong number of arguments (given 3, expected 1..2)):
    39: 
    40:   <p>
    41:     <%= form.label :Status %><br>
    42:     <%= select(:cliente, :Status[['Ativo', 'Ativo'], ['Aguardando pagamento', 'Aguardando pagamento'], ['Cancelado', 'fanático pelo time']]) %>
    43:   </p>
    44: 
    45:   <p>
  
app/views/clientes/_form.html.erb:42:in `[]'
app/views/clientes/_form.html.erb:42:in `block in _app_views_clientes__form_html_erb___1310745435267006344_69942930360940'
app/views/clientes/_form.html.erb:1:in `_app_views_clientes__form_html_erb___1310745435267006344_69942930360940'
app/views/clientes/new.html.erb:2:in `_app_views_clientes_new_html_erb__2723016118994466957_69942930375580'
Started GET "/clientes/new" for 127.0.0.1 at 2018-07-06 23:09:15 -0300
Processing by ClientesController#new as HTML
  Rendering clientes/new.html.erb within layouts/application
  Rendered clientes/_form.html.erb (2.5ms)
  Rendered clientes/new.html.erb within layouts/application (3.3ms)
Completed 500 Internal Server Error in 5ms (ActiveRecord: 0.0ms)


  
ActionView::Template::Error (wrong number of arguments (given 3, expected 1..2)):
    39: 
    40:   <p>
    41:     <%= form.label :Status %><br>
    42:     <%= select(:cliente, :Status[['Aguardando pagamento', 'Aguardando pagamento'], ['Ativo', 'Ativo'], ['Cancelado', 'Cancelado']]) %>
    43:   </p>
    44: 
    45:   <p>
  
app/views/clientes/_form.html.erb:42:in `[]'
app/views/clientes/_form.html.erb:42:in `block in _app_views_clientes__form_html_erb___1310745435267006344_69942923037700'
app/views/clientes/_form.html.erb:1:in `_app_views_clientes__form_html_erb___1310745435267006344_69942923037700'
app/views/clientes/new.html.erb:2:in `_app_views_clientes_new_html_erb__2723016118994466957_69942923051620'
Started GET "/clientes/new" for 127.0.0.1 at 2018-07-06 23:09:28 -0300
Processing by ClientesController#new as HTML
  Rendering clientes/new.html.erb within layouts/application
  Rendered clientes/_form.html.erb (4.0ms)
  Rendered clientes/new.html.erb within layouts/application (5.4ms)
Completed 200 OK in 31ms (Views: 29.8ms | ActiveRecord: 0.0ms)


Started POST "/clientes" for 127.0.0.1 at 2018-07-06 23:09:33 -0300
Processing by ClientesController#create as HTML
  Parameters: {"utf8"=>"✓", "authenticity_token"=>"zAOCJM6bUj5DjnZefhXxDAIDmjZt9tEJdkYNSyRHur8hHTp1PeZSS2tYMV2KQFliUztp62G/+tiIv7sBqPSgJg==", "cliente"=>{"Nome"=>"", "CPF"=>"", "Email"=>"", "Endereco"=>"", "Data_de_Nascimento"=>"", "Status"=>"Aguardando pagamento"}, "commit"=>"Create Cliente"}
  [1m[35m (0.2ms)[0m  [1m[35mBEGIN[0m
  ↳ app/controllers/clientes_controller.rb:21
  [1m[36mCliente Create (0.7ms)[0m  [1m[32mINSERT INTO "clientes" ("Nome", "CPF", "Email", "Endereco", "Data_de_Nascimento", "Status", "created_at", "updated_at") VALUES ($1, $2, $3, $4, $5, $6, $7, $8) RETURNING "id"[0m  [["Nome", ""], ["CPF", ""], ["Email", ""], ["Endereco", ""], ["Data_de_Nascimento", ""], ["Status", "Aguardando pagamento"], ["created_at", "2018-07-07 02:09:33.660459"], ["updated_at", "2018-07-07 02:09:33.660459"]]
  ↳ app/controllers/clientes_controller.rb:21
  [1m[35m (12.9ms)[0m  [1m[35mCOMMIT[0m
  ↳ app/controllers/clientes_controller.rb:21
Redirected to http://localhost:3000/clientes/42
Completed 302 Found in 18ms (ActiveRecord: 13.7ms)


Started GET "/clientes/42" for 127.0.0.1 at 2018-07-06 23:09:33 -0300
Processing by ClientesController#show as HTML
  Parameters: {"id"=>"42"}
  [1m[36mCliente Load (0.2ms)[0m  [1m[34mSELECT  "clientes".* FROM "clientes" WHERE "clientes"."id" = $1 LIMIT $2[0m  [["id", 42], ["LIMIT", 1]]
  ↳ app/controllers/clientes_controller.rb:7
  Rendering clientes/show.html.erb within layouts/application
  [1m[36mPacote Load (0.2ms)[0m  [1m[34mSELECT "pacotes".* FROM "pacotes" WHERE "pacotes"."cliente_id" = $1[0m  [["cliente_id", 42]]
  ↳ app/views/clientes/show.html.erb:48
  Rendered collection of templates [0 times] (0.0ms)
  Rendered pacotes/_form.html.erb (1.6ms)
  Rendered clientes/show.html.erb within layouts/application (4.2ms)
Completed 200 OK in 26ms (Views: 23.8ms | ActiveRecord: 0.6ms)


